ERROR: ld.so: object '/apps/daint/UES/xalt/xalt2/software/xalt/2.7.24/lib64/libxalt_init.so' from LD_PRELOAD cannot be preloaded: ignored.
ERROR: ld.so: object '/apps/daint/UES/xalt/xalt2/software/xalt/2.7.24/lib64/libxalt_init.so' from LD_PRELOAD cannot be preloaded: ignored.
ERROR: ld.so: object '/apps/daint/UES/xalt/xalt2/software/xalt/2.7.24/lib64/libxalt_init.so' from LD_PRELOAD cannot be preloaded: ignored.
ERROR: ld.so: object '/apps/daint/UES/xalt/xalt2/software/xalt/2.7.24/lib64/libxalt_init.so' from LD_PRELOAD cannot be preloaded: ignored.
ERROR: ld.so: object '/apps/daint/UES/xalt/xalt2/software/xalt/2.7.24/lib64/libxalt_init.so' from LD_PRELOAD cannot be preloaded: ignored.
ERROR: ld.so: object '/apps/daint/UES/xalt/xalt2/software/xalt/2.7.24/lib64/libxalt_init.so' from LD_PRELOAD cannot be preloaded: ignored.
ERROR: ld.so: object '/apps/daint/UES/xalt/xalt2/software/xalt/2.7.24/lib64/libxalt_init.so' from LD_PRELOAD cannot be preloaded: ignored.
ERROR: ld.so: object '/apps/daint/UES/xalt/xalt2/software/xalt/2.7.24/lib64/libxalt_init.so' from LD_PRELOAD cannot be preloaded: ignored.
ERROR: ld.so: object '/apps/daint/UES/xalt/xalt2/software/xalt/2.7.24/lib64/libxalt_init.so' from LD_PRELOAD cannot be preloaded: ignored.
ERROR: ld.so: object '/apps/daint/UES/xalt/xalt2/software/xalt/2.7.24/lib64/libxalt_init.so' from LD_PRELOAD cannot be preloaded: ignored.
ERROR: ld.so: object '/apps/daint/UES/xalt/xalt2/software/xalt/2.7.24/lib64/libxalt_init.so' from LD_PRELOAD cannot be preloaded: ignored.
ERROR: ld.so: object '/apps/daint/UES/xalt/xalt2/software/xalt/2.7.24/lib64/libxalt_init.so' from LD_PRELOAD cannot be preloaded: ignored.
ERROR: ld.so: object '/apps/daint/UES/xalt/xalt2/software/xalt/2.7.24/lib64/libxalt_init.so' from LD_PRELOAD cannot be preloaded: ignored.
ERROR: ld.so: object '/apps/daint/UES/xalt/xalt2/software/xalt/2.7.24/lib64/libxalt_init.so' from LD_PRELOAD cannot be preloaded: ignored.
ERROR: ld.so: object '/apps/daint/UES/xalt/xalt2/software/xalt/2.7.24/lib64/libxalt_init.so' from LD_PRELOAD cannot be preloaded: ignored.
ERROR: ld.so: object '/apps/daint/UES/xalt/xalt2/software/xalt/2.7.24/lib64/libxalt_init.so' from LD_PRELOAD cannot be preloaded: ignored.
ERROR: ld.so: object '/apps/daint/UES/xalt/xalt2/software/xalt/2.7.24/lib64/libxalt_init.so' from LD_PRELOAD cannot be preloaded: ignored.
ERROR: ld.so: object '/apps/daint/UES/xalt/xalt2/software/xalt/2.7.24/lib64/libxalt_init.so' from LD_PRELOAD cannot be preloaded: ignored.
ERROR: ld.so: object '/apps/daint/UES/xalt/xalt2/software/xalt/2.7.24/lib64/libxalt_init.so' from LD_PRELOAD cannot be preloaded: ignored.
ERROR: ld.so: object '/apps/daint/UES/xalt/xalt2/software/xalt/2.7.24/lib64/libxalt_init.so' from LD_PRELOAD cannot be preloaded: ignored.
ERROR: ld.so: object '/apps/daint/UES/xalt/xalt2/software/xalt/2.7.24/lib64/libxalt_init.so' from LD_PRELOAD cannot be preloaded: ignored.
ERROR: ld.so: object '/apps/daint/UES/xalt/xalt2/software/xalt/2.7.24/lib64/libxalt_init.so' from LD_PRELOAD cannot be preloaded: ignored.
ERROR: ld.so: object '/apps/daint/UES/xalt/xalt2/software/xalt/2.7.24/lib64/libxalt_init.so' from LD_PRELOAD cannot be preloaded: ignored.
cmdModule.c(567):ERROR:50: Cannot open file '/apps/daint/UES/easybuild/modulefiles/xalt/2.7.24' for 'reading'
ERROR: ld.so: object '/apps/daint/UES/xalt/xalt2/software/xalt/2.7.24/lib64/libxalt_init.so' from LD_PRELOAD cannot be preloaded: ignored.
ERROR: ld.so: object '/apps/daint/UES/xalt/xalt2/software/xalt/2.7.24/lib64/libxalt_init.so' from LD_PRELOAD cannot be preloaded: ignored.
ERROR: ld.so: object '/apps/daint/UES/xalt/xalt2/software/xalt/2.7.24/lib64/libxalt_init.so' from LD_PRELOAD cannot be preloaded: ignored.
ERROR: ld.so: object '/apps/daint/UES/xalt/xalt2/software/xalt/2.7.24/lib64/libxalt_init.so' from LD_PRELOAD cannot be preloaded: ignored.
ERROR: ld.so: object '/apps/daint/UES/xalt/xalt2/software/xalt/2.7.24/lib64/libxalt_init.so' from LD_PRELOAD cannot be preloaded: ignored.
ERROR: ld.so: object '/apps/daint/UES/xalt/xalt2/software/xalt/2.7.24/lib64/libxalt_init.so' from LD_PRELOAD cannot be preloaded: ignored.
ERROR: ld.so: object '/apps/daint/UES/xalt/xalt2/software/xalt/2.7.24/lib64/libxalt_init.so' from LD_PRELOAD cannot be preloaded: ignored.
ERROR: ld.so: object '/apps/daint/UES/xalt/xalt2/software/xalt/2.7.24/lib64/libxalt_init.so' from LD_PRELOAD cannot be preloaded: ignored.
ERROR: ld.so: object '/apps/daint/UES/xalt/xalt2/software/xalt/2.7.24/lib64/libxalt_init.so' from LD_PRELOAD cannot be preloaded: ignored.
ERROR: ld.so: object '/apps/daint/UES/xalt/xalt2/software/xalt/2.7.24/lib64/libxalt_init.so' from LD_PRELOAD cannot be preloaded: ignored.
ERROR: ld.so: object '/apps/daint/UES/xalt/xalt2/software/xalt/2.7.24/lib64/libxalt_init.so' from LD_PRELOAD cannot be preloaded: ignored.
ERROR: ld.so: object '/apps/daint/UES/xalt/xalt2/software/xalt/2.7.24/lib64/libxalt_init.so' from LD_PRELOAD cannot be preloaded: ignored.
ERROR: ld.so: object '/apps/daint/UES/xalt/xalt2/software/xalt/2.7.24/lib64/libxalt_init.so' from LD_PRELOAD cannot be preloaded: ignored.
ERROR: ld.so: object '/apps/daint/UES/xalt/xalt2/software/xalt/2.7.24/lib64/libxalt_init.so' from LD_PRELOAD cannot be preloaded: ignored.
ERROR: ld.so: object '/apps/daint/UES/xalt/xalt2/software/xalt/2.7.24/lib64/libxalt_init.so' from LD_PRELOAD cannot be preloaded: ignored.
ERROR: ld.so: object '/apps/daint/UES/xalt/xalt2/software/xalt/2.7.24/lib64/libxalt_init.so' from LD_PRELOAD cannot be preloaded: ignored.
ERROR: ld.so: object '/apps/daint/UES/xalt/xalt2/software/xalt/2.7.24/lib64/libxalt_init.so' from LD_PRELOAD cannot be preloaded: ignored.
ERROR: ld.so: object '/apps/daint/UES/xalt/xalt2/software/xalt/2.7.24/lib64/libxalt_init.so' from LD_PRELOAD cannot be preloaded: ignored.
ERROR: ld.so: object '/apps/daint/UES/xalt/xalt2/software/xalt/2.7.24/lib64/libxalt_init.so' from LD_PRELOAD cannot be preloaded: ignored.
ERROR: ld.so: object '/apps/daint/UES/xalt/xalt2/software/xalt/2.7.24/lib64/libxalt_init.so' from LD_PRELOAD cannot be preloaded: ignored.
ERROR: ld.so: object '/apps/daint/UES/xalt/xalt2/software/xalt/2.7.24/lib64/libxalt_init.so' from LD_PRELOAD cannot be preloaded: ignored.
cp: cannot stat '/scratch/snx3000/heimc/data/simulations/GEOS_3/SA/daily/HSURF/HSURF_*.nc': No such file or directory
ERROR: ld.so: object '/apps/daint/UES/xalt/xalt2/software/xalt/2.7.24/lib64/libxalt_init.so' from LD_PRELOAD cannot be preloaded: ignored.
ERROR: ld.so: object '/apps/daint/UES/xalt/xalt2/software/xalt/2.7.24/lib64/libxalt_init.so' from LD_PRELOAD cannot be preloaded: ignored.
cp: cannot stat '/scratch/snx3000/heimc/data/simulations/GEOS_3/SA/daily/MSLP/MSLP_*.nc': No such file or directory
ERROR: ld.so: object '/apps/daint/UES/xalt/xalt2/software/xalt/2.7.24/lib64/libxalt_init.so' from LD_PRELOAD cannot be preloaded: ignored.
ERROR: ld.so: object '/apps/daint/UES/xalt/xalt2/software/xalt/2.7.24/lib64/libxalt_init.so' from LD_PRELOAD cannot be preloaded: ignored.
ERROR: ld.so: object '/apps/daint/UES/xalt/xalt2/software/xalt/2.7.24/lib64/libxalt_init.so' from LD_PRELOAD cannot be preloaded: ignored.
ERROR: ld.so: object '/apps/daint/UES/xalt/xalt2/software/xalt/2.7.24/lib64/libxalt_init.so' from LD_PRELOAD cannot be preloaded: ignored.
ERROR: ld.so: object '/apps/daint/UES/xalt/xalt2/software/xalt/2.7.24/lib64/libxalt_init.so' from LD_PRELOAD cannot be preloaded: ignored.
ERROR: ld.so: object '/apps/daint/UES/xalt/xalt2/software/xalt/2.7.24/lib64/libxalt_init.so' from LD_PRELOAD cannot be preloaded: ignored.
ERROR: ld.so: object '/apps/daint/UES/xalt/xalt2/software/xalt/2.7.24/lib64/libxalt_init.so' from LD_PRELOAD cannot be preloaded: ignored.
ERROR: ld.so: object '/apps/daint/UES/xalt/xalt2/software/xalt/2.7.24/lib64/libxalt_init.so' from LD_PRELOAD cannot be preloaded: ignored.
ERROR: ld.so: object '/apps/daint/UES/xalt/xalt2/software/xalt/2.7.24/lib64/libxalt_init.so' from LD_PRELOAD cannot be preloaded: ignored.
ERROR: ld.so: object '/apps/daint/UES/xalt/xalt2/software/xalt/2.7.24/lib64/libxalt_init.so' from LD_PRELOAD cannot be preloaded: ignored.
ERROR: ld.so: object '/apps/daint/UES/xalt/xalt2/software/xalt/2.7.24/lib64/libxalt_init.so' from LD_PRELOAD cannot be preloaded: ignored.
ERROR: ld.so: object '/apps/daint/UES/xalt/xalt2/software/xalt/2.7.24/lib64/libxalt_init.so' from LD_PRELOAD cannot be preloaded: ignored.
cp: cannot stat '/scratch/snx3000/heimc/data/simulations/GEOS_3/SA/daily/SWUTOA/SWUTOA_*.nc': No such file or directory
ERROR: ld.so: object '/apps/daint/UES/xalt/xalt2/software/xalt/2.7.24/lib64/libxalt_init.so' from LD_PRELOAD cannot be preloaded: ignored.
ERROR: ld.so: object '/apps/daint/UES/xalt/xalt2/software/xalt/2.7.24/lib64/libxalt_init.so' from LD_PRELOAD cannot be preloaded: ignored.
ERROR: ld.so: object '/apps/daint/UES/xalt/xalt2/software/xalt/2.7.24/lib64/libxalt_init.so' from LD_PRELOAD cannot be preloaded: ignored.
ERROR: ld.so: object '/apps/daint/UES/xalt/xalt2/software/xalt/2.7.24/lib64/libxalt_init.so' from LD_PRELOAD cannot be preloaded: ignored.
cp: cannot stat '/scratch/snx3000/heimc/data/simulations/GEOS_3/SA/daily/SWDTOA/SWDTOA_*.nc': No such file or directory
ERROR: ld.so: object '/apps/daint/UES/xalt/xalt2/software/xalt/2.7.24/lib64/libxalt_init.so' from LD_PRELOAD cannot be preloaded: ignored.
ERROR: ld.so: object '/apps/daint/UES/xalt/xalt2/software/xalt/2.7.24/lib64/libxalt_init.so' from LD_PRELOAD cannot be preloaded: ignored.
cp: cannot stat '/scratch/snx3000/heimc/data/simulations/GEOS_3/SA/daily/SST/SST_*.nc': No such file or directory
ERROR: ld.so: object '/apps/daint/UES/xalt/xalt2/software/xalt/2.7.24/lib64/libxalt_init.so' from LD_PRELOAD cannot be preloaded: ignored.
ERROR: ld.so: object '/apps/daint/UES/xalt/xalt2/software/xalt/2.7.24/lib64/libxalt_init.so' from LD_PRELOAD cannot be preloaded: ignored.
ERROR: ld.so: object '/apps/daint/UES/xalt/xalt2/software/xalt/2.7.24/lib64/libxalt_init.so' from LD_PRELOAD cannot be preloaded: ignored.
ERROR: ld.so: object '/apps/daint/UES/xalt/xalt2/software/xalt/2.7.24/lib64/libxalt_init.so' from LD_PRELOAD cannot be preloaded: ignored.
ERROR: ld.so: object '/apps/daint/UES/xalt/xalt2/software/xalt/2.7.24/lib64/libxalt_init.so' from LD_PRELOAD cannot be preloaded: ignored.
ERROR: ld.so: object '/apps/daint/UES/xalt/xalt2/software/xalt/2.7.24/lib64/libxalt_init.so' from LD_PRELOAD cannot be preloaded: ignored.
ERROR: ld.so: object '/apps/daint/UES/xalt/xalt2/software/xalt/2.7.24/lib64/libxalt_init.so' from LD_PRELOAD cannot be preloaded: ignored.
ERROR: ld.so: object '/apps/daint/UES/xalt/xalt2/software/xalt/2.7.24/lib64/libxalt_init.so' from LD_PRELOAD cannot be preloaded: ignored.
ERROR: ld.so: object '/apps/daint/UES/xalt/xalt2/software/xalt/2.7.24/lib64/libxalt_init.so' from LD_PRELOAD cannot be preloaded: ignored.
ERROR: ld.so: object '/apps/daint/UES/xalt/xalt2/software/xalt/2.7.24/lib64/libxalt_init.so' from LD_PRELOAD cannot be preloaded: ignored.
ERROR: ld.so: object '/apps/daint/UES/xalt/xalt2/software/xalt/2.7.24/lib64/libxalt_init.so' from LD_PRELOAD cannot be preloaded: ignored.
ERROR: ld.so: object '/apps/daint/UES/xalt/xalt2/software/xalt/2.7.24/lib64/libxalt_init.so' from LD_PRELOAD cannot be preloaded: ignored.
cp: cannot stat '/scratch/snx3000/heimc/data/simulations/GEOS_3/SA/daily/CLCL/CLCL_*.nc': No such file or directory
ERROR: ld.so: object '/apps/daint/UES/xalt/xalt2/software/xalt/2.7.24/lib64/libxalt_init.so' from LD_PRELOAD cannot be preloaded: ignored.
ERROR: ld.so: object '/apps/daint/UES/xalt/xalt2/software/xalt/2.7.24/lib64/libxalt_init.so' from LD_PRELOAD cannot be preloaded: ignored.
cp: cannot stat '/scratch/snx3000/heimc/data/simulations/GEOS_3/SA/daily/CLCT/CLCT_*.nc': No such file or directory
ERROR: ld.so: object '/apps/daint/UES/xalt/xalt2/software/xalt/2.7.24/lib64/libxalt_init.so' from LD_PRELOAD cannot be preloaded: ignored.
ERROR: ld.so: object '/apps/daint/UES/xalt/xalt2/software/xalt/2.7.24/lib64/libxalt_init.so' from LD_PRELOAD cannot be preloaded: ignored.
ERROR: ld.so: object '/apps/daint/UES/xalt/xalt2/software/xalt/2.7.24/lib64/libxalt_init.so' from LD_PRELOAD cannot be preloaded: ignored.
ERROR: ld.so: object '/apps/daint/UES/xalt/xalt2/software/xalt/2.7.24/lib64/libxalt_init.so' from LD_PRELOAD cannot be preloaded: ignored.
cp: cannot stat '/scratch/snx3000/heimc/data/simulations/GEOS_3/SA/daily/PPCONV/PPCONV_*.nc': No such file or directory
ERROR: ld.so: object '/apps/daint/UES/xalt/xalt2/software/xalt/2.7.24/lib64/libxalt_init.so' from LD_PRELOAD cannot be preloaded: ignored.
ERROR: ld.so: object '/apps/daint/UES/xalt/xalt2/software/xalt/2.7.24/lib64/libxalt_init.so' from LD_PRELOAD cannot be preloaded: ignored.
cp: cannot stat '/scratch/snx3000/heimc/data/simulations/GEOS_3/SA/daily/PPGRID/PPGRID_*.nc': No such file or directory
ERROR: ld.so: object '/apps/daint/UES/xalt/xalt2/software/xalt/2.7.24/lib64/libxalt_init.so' from LD_PRELOAD cannot be preloaded: ignored.
ERROR: ld.so: object '/apps/daint/UES/xalt/xalt2/software/xalt/2.7.24/lib64/libxalt_init.so' from LD_PRELOAD cannot be preloaded: ignored.
ERROR: ld.so: object '/apps/daint/UES/xalt/xalt2/software/xalt/2.7.24/lib64/libxalt_init.so' from LD_PRELOAD cannot be preloaded: ignored.
ERROR: ld.so: object '/apps/daint/UES/xalt/xalt2/software/xalt/2.7.24/lib64/libxalt_init.so' from LD_PRELOAD cannot be preloaded: ignored.
ERROR: ld.so: object '/apps/daint/UES/xalt/xalt2/software/xalt/2.7.24/lib64/libxalt_init.so' from LD_PRELOAD cannot be preloaded: ignored.
ERROR: ld.so: object '/apps/daint/UES/xalt/xalt2/software/xalt/2.7.24/lib64/libxalt_init.so' from LD_PRELOAD cannot be preloaded: ignored.
ERROR: ld.so: object '/apps/daint/UES/xalt/xalt2/software/xalt/2.7.24/lib64/libxalt_init.so' from LD_PRELOAD cannot be preloaded: ignored.
ERROR: ld.so: object '/apps/daint/UES/xalt/xalt2/software/xalt/2.7.24/lib64/libxalt_init.so' from LD_PRELOAD cannot be preloaded: ignored.
ERROR: ld.so: object '/apps/daint/UES/xalt/xalt2/software/xalt/2.7.24/lib64/libxalt_init.so' from LD_PRELOAD cannot be preloaded: ignored.
ERROR: ld.so: object '/apps/daint/UES/xalt/xalt2/software/xalt/2.7.24/lib64/libxalt_init.so' from LD_PRELOAD cannot be preloaded: ignored.
ERROR: ld.so: object '/apps/daint/UES/xalt/xalt2/software/xalt/2.7.24/lib64/libxalt_init.so' from LD_PRELOAD cannot be preloaded: ignored.
ERROR: ld.so: object '/apps/daint/UES/xalt/xalt2/software/xalt/2.7.24/lib64/libxalt_init.so' from LD_PRELOAD cannot be preloaded: ignored.
ERROR: ld.so: object '/apps/daint/UES/xalt/xalt2/software/xalt/2.7.24/lib64/libxalt_init.so' from LD_PRELOAD cannot be preloaded: ignored.
ERROR: ld.so: object '/apps/daint/UES/xalt/xalt2/software/xalt/2.7.24/lib64/libxalt_init.so' from LD_PRELOAD cannot be preloaded: ignored.
ERROR: ld.so: object '/apps/daint/UES/xalt/xalt2/software/xalt/2.7.24/lib64/libxalt_init.so' from LD_PRELOAD cannot be preloaded: ignored.
ERROR: ld.so: object '/apps/daint/UES/xalt/xalt2/software/xalt/2.7.24/lib64/libxalt_init.so' from LD_PRELOAD cannot be preloaded: ignored.
ERROR: ld.so: object '/apps/daint/UES/xalt/xalt2/software/xalt/2.7.24/lib64/libxalt_init.so' from LD_PRELOAD cannot be preloaded: ignored.
ERROR: ld.so: object '/apps/daint/UES/xalt/xalt2/software/xalt/2.7.24/lib64/libxalt_init.so' from LD_PRELOAD cannot be preloaded: ignored.
ERROR: ld.so: object '/apps/daint/UES/xalt/xalt2/software/xalt/2.7.24/lib64/libxalt_init.so' from LD_PRELOAD cannot be preloaded: ignored.
cp: cannot stat '/scratch/snx3000/heimc/data/simulations/GEOS_3/DYAMOND_2/daily/HSURF/HSURF_*.nc': No such file or directory
ERROR: ld.so: object '/apps/daint/UES/xalt/xalt2/software/xalt/2.7.24/lib64/libxalt_init.so' from LD_PRELOAD cannot be preloaded: ignored.
ERROR: ld.so: object '/apps/daint/UES/xalt/xalt2/software/xalt/2.7.24/lib64/libxalt_init.so' from LD_PRELOAD cannot be preloaded: ignored.
cp: cannot stat '/scratch/snx3000/heimc/data/simulations/GEOS_3/DYAMOND_2/daily/MSLP/MSLP_*.nc': No such file or directory
ERROR: ld.so: object '/apps/daint/UES/xalt/xalt2/software/xalt/2.7.24/lib64/libxalt_init.so' from LD_PRELOAD cannot be preloaded: ignored.
ERROR: ld.so: object '/apps/daint/UES/xalt/xalt2/software/xalt/2.7.24/lib64/libxalt_init.so' from LD_PRELOAD cannot be preloaded: ignored.
ERROR: ld.so: object '/apps/daint/UES/xalt/xalt2/software/xalt/2.7.24/lib64/libxalt_init.so' from LD_PRELOAD cannot be preloaded: ignored.
ERROR: ld.so: object '/apps/daint/UES/xalt/xalt2/software/xalt/2.7.24/lib64/libxalt_init.so' from LD_PRELOAD cannot be preloaded: ignored.
ERROR: ld.so: object '/apps/daint/UES/xalt/xalt2/software/xalt/2.7.24/lib64/libxalt_init.so' from LD_PRELOAD cannot be preloaded: ignored.
ERROR: ld.so: object '/apps/daint/UES/xalt/xalt2/software/xalt/2.7.24/lib64/libxalt_init.so' from LD_PRELOAD cannot be preloaded: ignored.
ERROR: ld.so: object '/apps/daint/UES/xalt/xalt2/software/xalt/2.7.24/lib64/libxalt_init.so' from LD_PRELOAD cannot be preloaded: ignored.
ERROR: ld.so: object '/apps/daint/UES/xalt/xalt2/software/xalt/2.7.24/lib64/libxalt_init.so' from LD_PRELOAD cannot be preloaded: ignored.
ERROR: ld.so: object '/apps/daint/UES/xalt/xalt2/software/xalt/2.7.24/lib64/libxalt_init.so' from LD_PRELOAD cannot be preloaded: ignored.
ERROR: ld.so: object '/apps/daint/UES/xalt/xalt2/software/xalt/2.7.24/lib64/libxalt_init.so' from LD_PRELOAD cannot be preloaded: ignored.
ERROR: ld.so: object '/apps/daint/UES/xalt/xalt2/software/xalt/2.7.24/lib64/libxalt_init.so' from LD_PRELOAD cannot be preloaded: ignored.
ERROR: ld.so: object '/apps/daint/UES/xalt/xalt2/software/xalt/2.7.24/lib64/libxalt_init.so' from LD_PRELOAD cannot be preloaded: ignored.
cp: cannot stat '/scratch/snx3000/heimc/data/simulations/GEOS_3/DYAMOND_2/daily/SWUTOA/SWUTOA_*.nc': No such file or directory
ERROR: ld.so: object '/apps/daint/UES/xalt/xalt2/software/xalt/2.7.24/lib64/libxalt_init.so' from LD_PRELOAD cannot be preloaded: ignored.
ERROR: ld.so: object '/apps/daint/UES/xalt/xalt2/software/xalt/2.7.24/lib64/libxalt_init.so' from LD_PRELOAD cannot be preloaded: ignored.
ERROR: ld.so: object '/apps/daint/UES/xalt/xalt2/software/xalt/2.7.24/lib64/libxalt_init.so' from LD_PRELOAD cannot be preloaded: ignored.
ERROR: ld.so: object '/apps/daint/UES/xalt/xalt2/software/xalt/2.7.24/lib64/libxalt_init.so' from LD_PRELOAD cannot be preloaded: ignored.
cp: cannot stat '/scratch/snx3000/heimc/data/simulations/GEOS_3/DYAMOND_2/daily/SWDTOA/SWDTOA_*.nc': No such file or directory
ERROR: ld.so: object '/apps/daint/UES/xalt/xalt2/software/xalt/2.7.24/lib64/libxalt_init.so' from LD_PRELOAD cannot be preloaded: ignored.
ERROR: ld.so: object '/apps/daint/UES/xalt/xalt2/software/xalt/2.7.24/lib64/libxalt_init.so' from LD_PRELOAD cannot be preloaded: ignored.
cp: cannot stat '/scratch/snx3000/heimc/data/simulations/GEOS_3/DYAMOND_2/daily/SST/SST_*.nc': No such file or directory
ERROR: ld.so: object '/apps/daint/UES/xalt/xalt2/software/xalt/2.7.24/lib64/libxalt_init.so' from LD_PRELOAD cannot be preloaded: ignored.
ERROR: ld.so: object '/apps/daint/UES/xalt/xalt2/software/xalt/2.7.24/lib64/libxalt_init.so' from LD_PRELOAD cannot be preloaded: ignored.
ERROR: ld.so: object '/apps/daint/UES/xalt/xalt2/software/xalt/2.7.24/lib64/libxalt_init.so' from LD_PRELOAD cannot be preloaded: ignored.
ERROR: ld.so: object '/apps/daint/UES/xalt/xalt2/software/xalt/2.7.24/lib64/libxalt_init.so' from LD_PRELOAD cannot be preloaded: ignored.
ERROR: ld.so: object '/apps/daint/UES/xalt/xalt2/software/xalt/2.7.24/lib64/libxalt_init.so' from LD_PRELOAD cannot be preloaded: ignored.
ERROR: ld.so: object '/apps/daint/UES/xalt/xalt2/software/xalt/2.7.24/lib64/libxalt_init.so' from LD_PRELOAD cannot be preloaded: ignored.
ERROR: ld.so: object '/apps/daint/UES/xalt/xalt2/software/xalt/2.7.24/lib64/libxalt_init.so' from LD_PRELOAD cannot be preloaded: ignored.
ERROR: ld.so: object '/apps/daint/UES/xalt/xalt2/software/xalt/2.7.24/lib64/libxalt_init.so' from LD_PRELOAD cannot be preloaded: ignored.
ERROR: ld.so: object '/apps/daint/UES/xalt/xalt2/software/xalt/2.7.24/lib64/libxalt_init.so' from LD_PRELOAD cannot be preloaded: ignored.
ERROR: ld.so: object '/apps/daint/UES/xalt/xalt2/software/xalt/2.7.24/lib64/libxalt_init.so' from LD_PRELOAD cannot be preloaded: ignored.
ERROR: ld.so: object '/apps/daint/UES/xalt/xalt2/software/xalt/2.7.24/lib64/libxalt_init.so' from LD_PRELOAD cannot be preloaded: ignored.
ERROR: ld.so: object '/apps/daint/UES/xalt/xalt2/software/xalt/2.7.24/lib64/libxalt_init.so' from LD_PRELOAD cannot be preloaded: ignored.
cp: cannot stat '/scratch/snx3000/heimc/data/simulations/GEOS_3/DYAMOND_2/daily/CLCL/CLCL_*.nc': No such file or directory
ERROR: ld.so: object '/apps/daint/UES/xalt/xalt2/software/xalt/2.7.24/lib64/libxalt_init.so' from LD_PRELOAD cannot be preloaded: ignored.
ERROR: ld.so: object '/apps/daint/UES/xalt/xalt2/software/xalt/2.7.24/lib64/libxalt_init.so' from LD_PRELOAD cannot be preloaded: ignored.
cp: cannot stat '/scratch/snx3000/heimc/data/simulations/GEOS_3/DYAMOND_2/daily/CLCT/CLCT_*.nc': No such file or directory
ERROR: ld.so: object '/apps/daint/UES/xalt/xalt2/software/xalt/2.7.24/lib64/libxalt_init.so' from LD_PRELOAD cannot be preloaded: ignored.
ERROR: ld.so: object '/apps/daint/UES/xalt/xalt2/software/xalt/2.7.24/lib64/libxalt_init.so' from LD_PRELOAD cannot be preloaded: ignored.
ERROR: ld.so: object '/apps/daint/UES/xalt/xalt2/software/xalt/2.7.24/lib64/libxalt_init.so' from LD_PRELOAD cannot be preloaded: ignored.
ERROR: ld.so: object '/apps/daint/UES/xalt/xalt2/software/xalt/2.7.24/lib64/libxalt_init.so' from LD_PRELOAD cannot be preloaded: ignored.
cp: cannot stat '/scratch/snx3000/heimc/data/simulations/GEOS_3/DYAMOND_2/daily/PPCONV/PPCONV_*.nc': No such file or directory
ERROR: ld.so: object '/apps/daint/UES/xalt/xalt2/software/xalt/2.7.24/lib64/libxalt_init.so' from LD_PRELOAD cannot be preloaded: ignored.
ERROR: ld.so: object '/apps/daint/UES/xalt/xalt2/software/xalt/2.7.24/lib64/libxalt_init.so' from LD_PRELOAD cannot be preloaded: ignored.
cp: cannot stat '/scratch/snx3000/heimc/data/simulations/GEOS_3/DYAMOND_2/daily/PPGRID/PPGRID_*.nc': No such file or directory
ERROR: ld.so: object '/apps/daint/UES/xalt/xalt2/software/xalt/2.7.24/lib64/libxalt_init.so' from LD_PRELOAD cannot be preloaded: ignored.
ERROR: ld.so: object '/apps/daint/UES/xalt/xalt2/software/xalt/2.7.24/lib64/libxalt_init.so' from LD_PRELOAD cannot be preloaded: ignored.
