ERROR: ld.so: object '/apps/daint/UES/xalt/xalt2/software/xalt/2.7.24/lib64/libxalt_init.so' from LD_PRELOAD cannot be preloaded: ignored.
ERROR: ld.so: object '/apps/daint/UES/xalt/xalt2/software/xalt/2.7.24/lib64/libxalt_init.so' from LD_PRELOAD cannot be preloaded: ignored.
ERROR: ld.so: object '/apps/daint/UES/xalt/xalt2/software/xalt/2.7.24/lib64/libxalt_init.so' from LD_PRELOAD cannot be preloaded: ignored.
ERROR: ld.so: object '/apps/daint/UES/xalt/xalt2/software/xalt/2.7.24/lib64/libxalt_init.so' from LD_PRELOAD cannot be preloaded: ignored.
ERROR: ld.so: object '/apps/daint/UES/xalt/xalt2/software/xalt/2.7.24/lib64/libxalt_init.so' from LD_PRELOAD cannot be preloaded: ignored.
ERROR: ld.so: object '/apps/daint/UES/xalt/xalt2/software/xalt/2.7.24/lib64/libxalt_init.so' from LD_PRELOAD cannot be preloaded: ignored.
ERROR: ld.so: object '/apps/daint/UES/xalt/xalt2/software/xalt/2.7.24/lib64/libxalt_init.so' from LD_PRELOAD cannot be preloaded: ignored.
ERROR: ld.so: object '/apps/daint/UES/xalt/xalt2/software/xalt/2.7.24/lib64/libxalt_init.so' from LD_PRELOAD cannot be preloaded: ignored.
ERROR: ld.so: object '/apps/daint/UES/xalt/xalt2/software/xalt/2.7.24/lib64/libxalt_init.so' from LD_PRELOAD cannot be preloaded: ignored.
ERROR: ld.so: object '/apps/daint/UES/xalt/xalt2/software/xalt/2.7.24/lib64/libxalt_init.so' from LD_PRELOAD cannot be preloaded: ignored.
ERROR: ld.so: object '/apps/daint/UES/xalt/xalt2/software/xalt/2.7.24/lib64/libxalt_init.so' from LD_PRELOAD cannot be preloaded: ignored.
ERROR: ld.so: object '/apps/daint/UES/xalt/xalt2/software/xalt/2.7.24/lib64/libxalt_init.so' from LD_PRELOAD cannot be preloaded: ignored.
ERROR: ld.so: object '/apps/daint/UES/xalt/xalt2/software/xalt/2.7.24/lib64/libxalt_init.so' from LD_PRELOAD cannot be preloaded: ignored.
ERROR: ld.so: object '/apps/daint/UES/xalt/xalt2/software/xalt/2.7.24/lib64/libxalt_init.so' from LD_PRELOAD cannot be preloaded: ignored.
ERROR: ld.so: object '/apps/daint/UES/xalt/xalt2/software/xalt/2.7.24/lib64/libxalt_init.so' from LD_PRELOAD cannot be preloaded: ignored.
ERROR: ld.so: object '/apps/daint/UES/xalt/xalt2/software/xalt/2.7.24/lib64/libxalt_init.so' from LD_PRELOAD cannot be preloaded: ignored.
ERROR: ld.so: object '/apps/daint/UES/xalt/xalt2/software/xalt/2.7.24/lib64/libxalt_init.so' from LD_PRELOAD cannot be preloaded: ignored.
ERROR: ld.so: object '/apps/daint/UES/xalt/xalt2/software/xalt/2.7.24/lib64/libxalt_init.so' from LD_PRELOAD cannot be preloaded: ignored.
ERROR: ld.so: object '/apps/daint/UES/xalt/xalt2/software/xalt/2.7.24/lib64/libxalt_init.so' from LD_PRELOAD cannot be preloaded: ignored.
ERROR: ld.so: object '/apps/daint/UES/xalt/xalt2/software/xalt/2.7.24/lib64/libxalt_init.so' from LD_PRELOAD cannot be preloaded: ignored.
ERROR: ld.so: object '/apps/daint/UES/xalt/xalt2/software/xalt/2.7.24/lib64/libxalt_init.so' from LD_PRELOAD cannot be preloaded: ignored.
ERROR: ld.so: object '/apps/daint/UES/xalt/xalt2/software/xalt/2.7.24/lib64/libxalt_init.so' from LD_PRELOAD cannot be preloaded: ignored.
ERROR: ld.so: object '/apps/daint/UES/xalt/xalt2/software/xalt/2.7.24/lib64/libxalt_init.so' from LD_PRELOAD cannot be preloaded: ignored.
cmdModule.c(567):ERROR:50: Cannot open file '/apps/daint/UES/easybuild/modulefiles/xalt/2.7.24' for 'reading'
ERROR: ld.so: object '/apps/daint/UES/xalt/xalt2/software/xalt/2.7.24/lib64/libxalt_init.so' from LD_PRELOAD cannot be preloaded: ignored.
ERROR: ld.so: object '/apps/daint/UES/xalt/xalt2/software/xalt/2.7.24/lib64/libxalt_init.so' from LD_PRELOAD cannot be preloaded: ignored.
ERROR: ld.so: object '/apps/daint/UES/xalt/xalt2/software/xalt/2.7.24/lib64/libxalt_init.so' from LD_PRELOAD cannot be preloaded: ignored.
ERROR: ld.so: object '/apps/daint/UES/xalt/xalt2/software/xalt/2.7.24/lib64/libxalt_init.so' from LD_PRELOAD cannot be preloaded: ignored.
ERROR: ld.so: object '/apps/daint/UES/xalt/xalt2/software/xalt/2.7.24/lib64/libxalt_init.so' from LD_PRELOAD cannot be preloaded: ignored.
ERROR: ld.so: object '/apps/daint/UES/xalt/xalt2/software/xalt/2.7.24/lib64/libxalt_init.so' from LD_PRELOAD cannot be preloaded: ignored.
ERROR: ld.so: object '/apps/daint/UES/xalt/xalt2/software/xalt/2.7.24/lib64/libxalt_init.so' from LD_PRELOAD cannot be preloaded: ignored.
ERROR: ld.so: object '/apps/daint/UES/xalt/xalt2/software/xalt/2.7.24/lib64/libxalt_init.so' from LD_PRELOAD cannot be preloaded: ignored.
ERROR: ld.so: object '/apps/daint/UES/xalt/xalt2/software/xalt/2.7.24/lib64/libxalt_init.so' from LD_PRELOAD cannot be preloaded: ignored.
ERROR: ld.so: object '/apps/daint/UES/xalt/xalt2/software/xalt/2.7.24/lib64/libxalt_init.so' from LD_PRELOAD cannot be preloaded: ignored.
ERROR: ld.so: object '/apps/daint/UES/xalt/xalt2/software/xalt/2.7.24/lib64/libxalt_init.so' from LD_PRELOAD cannot be preloaded: ignored.
ERROR: ld.so: object '/apps/daint/UES/xalt/xalt2/software/xalt/2.7.24/lib64/libxalt_init.so' from LD_PRELOAD cannot be preloaded: ignored.
ERROR: ld.so: object '/apps/daint/UES/xalt/xalt2/software/xalt/2.7.24/lib64/libxalt_init.so' from LD_PRELOAD cannot be preloaded: ignored.
ERROR: ld.so: object '/apps/daint/UES/xalt/xalt2/software/xalt/2.7.24/lib64/libxalt_init.so' from LD_PRELOAD cannot be preloaded: ignored.
ERROR: ld.so: object '/apps/daint/UES/xalt/xalt2/software/xalt/2.7.24/lib64/libxalt_init.so' from LD_PRELOAD cannot be preloaded: ignored.
ERROR: ld.so: object '/apps/daint/UES/xalt/xalt2/software/xalt/2.7.24/lib64/libxalt_init.so' from LD_PRELOAD cannot be preloaded: ignored.
ERROR: ld.so: object '/apps/daint/UES/xalt/xalt2/software/xalt/2.7.24/lib64/libxalt_init.so' from LD_PRELOAD cannot be preloaded: ignored.
ERROR: ld.so: object '/apps/daint/UES/xalt/xalt2/software/xalt/2.7.24/lib64/libxalt_init.so' from LD_PRELOAD cannot be preloaded: ignored.
ERROR: ld.so: object '/apps/daint/UES/xalt/xalt2/software/xalt/2.7.24/lib64/libxalt_init.so' from LD_PRELOAD cannot be preloaded: ignored.
cp: cannot stat '/project/pr04/heimc/data/simulations/ARPEGE-NH_2.5/DYAMOND_2/native/P/P_*.nc': No such file or directory
ERROR: ld.so: object '/apps/daint/UES/xalt/xalt2/software/xalt/2.7.24/lib64/libxalt_init.so' from LD_PRELOAD cannot be preloaded: ignored.
ERROR: ld.so: object '/apps/daint/UES/xalt/xalt2/software/xalt/2.7.24/lib64/libxalt_init.so' from LD_PRELOAD cannot be preloaded: ignored.
cp: cannot stat '/project/pr04/heimc/data/simulations/ARPEGE-NH_2.5/DYAMOND_2/native/HSURF/HSURF_*.nc': No such file or directory
ERROR: ld.so: object '/apps/daint/UES/xalt/xalt2/software/xalt/2.7.24/lib64/libxalt_init.so' from LD_PRELOAD cannot be preloaded: ignored.
ERROR: ld.so: object '/apps/daint/UES/xalt/xalt2/software/xalt/2.7.24/lib64/libxalt_init.so' from LD_PRELOAD cannot be preloaded: ignored.
cp: cannot stat '/project/pr04/heimc/data/simulations/ARPEGE-NH_2.5/DYAMOND_2/native/MSLP/MSLP_*.nc': No such file or directory
ERROR: ld.so: object '/apps/daint/UES/xalt/xalt2/software/xalt/2.7.24/lib64/libxalt_init.so' from LD_PRELOAD cannot be preloaded: ignored.
ERROR: ld.so: object '/apps/daint/UES/xalt/xalt2/software/xalt/2.7.24/lib64/libxalt_init.so' from LD_PRELOAD cannot be preloaded: ignored.
ERROR: ld.so: object '/apps/daint/UES/xalt/xalt2/software/xalt/2.7.24/lib64/libxalt_init.so' from LD_PRELOAD cannot be preloaded: ignored.
ERROR: ld.so: object '/apps/daint/UES/xalt/xalt2/software/xalt/2.7.24/lib64/libxalt_init.so' from LD_PRELOAD cannot be preloaded: ignored.
ERROR: ld.so: object '/apps/daint/UES/xalt/xalt2/software/xalt/2.7.24/lib64/libxalt_init.so' from LD_PRELOAD cannot be preloaded: ignored.
ERROR: ld.so: object '/apps/daint/UES/xalt/xalt2/software/xalt/2.7.24/lib64/libxalt_init.so' from LD_PRELOAD cannot be preloaded: ignored.
ERROR: ld.so: object '/apps/daint/UES/xalt/xalt2/software/xalt/2.7.24/lib64/libxalt_init.so' from LD_PRELOAD cannot be preloaded: ignored.
ERROR: ld.so: object '/apps/daint/UES/xalt/xalt2/software/xalt/2.7.24/lib64/libxalt_init.so' from LD_PRELOAD cannot be preloaded: ignored.
ERROR: ld.so: object '/apps/daint/UES/xalt/xalt2/software/xalt/2.7.24/lib64/libxalt_init.so' from LD_PRELOAD cannot be preloaded: ignored.
ERROR: ld.so: object '/apps/daint/UES/xalt/xalt2/software/xalt/2.7.24/lib64/libxalt_init.so' from LD_PRELOAD cannot be preloaded: ignored.
ERROR: ld.so: object '/apps/daint/UES/xalt/xalt2/software/xalt/2.7.24/lib64/libxalt_init.so' from LD_PRELOAD cannot be preloaded: ignored.
ERROR: ld.so: object '/apps/daint/UES/xalt/xalt2/software/xalt/2.7.24/lib64/libxalt_init.so' from LD_PRELOAD cannot be preloaded: ignored.
cp: cannot stat '/project/pr04/heimc/data/simulations/ARPEGE-NH_2.5/DYAMOND_2/native/SWUTOA/SWUTOA_*.nc': No such file or directory
ERROR: ld.so: object '/apps/daint/UES/xalt/xalt2/software/xalt/2.7.24/lib64/libxalt_init.so' from LD_PRELOAD cannot be preloaded: ignored.
ERROR: ld.so: object '/apps/daint/UES/xalt/xalt2/software/xalt/2.7.24/lib64/libxalt_init.so' from LD_PRELOAD cannot be preloaded: ignored.
ERROR: ld.so: object '/apps/daint/UES/xalt/xalt2/software/xalt/2.7.24/lib64/libxalt_init.so' from LD_PRELOAD cannot be preloaded: ignored.
ERROR: ld.so: object '/apps/daint/UES/xalt/xalt2/software/xalt/2.7.24/lib64/libxalt_init.so' from LD_PRELOAD cannot be preloaded: ignored.
cp: cannot stat '/project/pr04/heimc/data/simulations/ARPEGE-NH_2.5/DYAMOND_2/native/SWDTOA/SWDTOA_*.nc': No such file or directory
ERROR: ld.so: object '/apps/daint/UES/xalt/xalt2/software/xalt/2.7.24/lib64/libxalt_init.so' from LD_PRELOAD cannot be preloaded: ignored.
ERROR: ld.so: object '/apps/daint/UES/xalt/xalt2/software/xalt/2.7.24/lib64/libxalt_init.so' from LD_PRELOAD cannot be preloaded: ignored.
ERROR: ld.so: object '/apps/daint/UES/xalt/xalt2/software/xalt/2.7.24/lib64/libxalt_init.so' from LD_PRELOAD cannot be preloaded: ignored.
ERROR: ld.so: object '/apps/daint/UES/xalt/xalt2/software/xalt/2.7.24/lib64/libxalt_init.so' from LD_PRELOAD cannot be preloaded: ignored.
cp: cannot stat '/project/pr04/heimc/data/simulations/ARPEGE-NH_2.5/DYAMOND_2/native/SWNDSFC/SWNDSFC_*.nc': No such file or directory
ERROR: ld.so: object '/apps/daint/UES/xalt/xalt2/software/xalt/2.7.24/lib64/libxalt_init.so' from LD_PRELOAD cannot be preloaded: ignored.
ERROR: ld.so: object '/apps/daint/UES/xalt/xalt2/software/xalt/2.7.24/lib64/libxalt_init.so' from LD_PRELOAD cannot be preloaded: ignored.
cp: cannot stat '/project/pr04/heimc/data/simulations/ARPEGE-NH_2.5/DYAMOND_2/native/SWDIFFUSFC/SWDIFFUSFC_*.nc': No such file or directory
ERROR: ld.so: object '/apps/daint/UES/xalt/xalt2/software/xalt/2.7.24/lib64/libxalt_init.so' from LD_PRELOAD cannot be preloaded: ignored.
ERROR: ld.so: object '/apps/daint/UES/xalt/xalt2/software/xalt/2.7.24/lib64/libxalt_init.so' from LD_PRELOAD cannot be preloaded: ignored.
cp: cannot stat '/project/pr04/heimc/data/simulations/ARPEGE-NH_2.5/DYAMOND_2/native/SST/SST_*.nc': No such file or directory
ERROR: ld.so: object '/apps/daint/UES/xalt/xalt2/software/xalt/2.7.24/lib64/libxalt_init.so' from LD_PRELOAD cannot be preloaded: ignored.
ERROR: ld.so: object '/apps/daint/UES/xalt/xalt2/software/xalt/2.7.24/lib64/libxalt_init.so' from LD_PRELOAD cannot be preloaded: ignored.
ERROR: ld.so: object '/apps/daint/UES/xalt/xalt2/software/xalt/2.7.24/lib64/libxalt_init.so' from LD_PRELOAD cannot be preloaded: ignored.
ERROR: ld.so: object '/apps/daint/UES/xalt/xalt2/software/xalt/2.7.24/lib64/libxalt_init.so' from LD_PRELOAD cannot be preloaded: ignored.
ERROR: ld.so: object '/apps/daint/UES/xalt/xalt2/software/xalt/2.7.24/lib64/libxalt_init.so' from LD_PRELOAD cannot be preloaded: ignored.
ERROR: ld.so: object '/apps/daint/UES/xalt/xalt2/software/xalt/2.7.24/lib64/libxalt_init.so' from LD_PRELOAD cannot be preloaded: ignored.
ERROR: ld.so: object '/apps/daint/UES/xalt/xalt2/software/xalt/2.7.24/lib64/libxalt_init.so' from LD_PRELOAD cannot be preloaded: ignored.
ERROR: ld.so: object '/apps/daint/UES/xalt/xalt2/software/xalt/2.7.24/lib64/libxalt_init.so' from LD_PRELOAD cannot be preloaded: ignored.
ERROR: ld.so: object '/apps/daint/UES/xalt/xalt2/software/xalt/2.7.24/lib64/libxalt_init.so' from LD_PRELOAD cannot be preloaded: ignored.
ERROR: ld.so: object '/apps/daint/UES/xalt/xalt2/software/xalt/2.7.24/lib64/libxalt_init.so' from LD_PRELOAD cannot be preloaded: ignored.
ERROR: ld.so: object '/apps/daint/UES/xalt/xalt2/software/xalt/2.7.24/lib64/libxalt_init.so' from LD_PRELOAD cannot be preloaded: ignored.
ERROR: ld.so: object '/apps/daint/UES/xalt/xalt2/software/xalt/2.7.24/lib64/libxalt_init.so' from LD_PRELOAD cannot be preloaded: ignored.
ERROR: ld.so: object '/apps/daint/UES/xalt/xalt2/software/xalt/2.7.24/lib64/libxalt_init.so' from LD_PRELOAD cannot be preloaded: ignored.
ERROR: ld.so: object '/apps/daint/UES/xalt/xalt2/software/xalt/2.7.24/lib64/libxalt_init.so' from LD_PRELOAD cannot be preloaded: ignored.
ERROR: ld.so: object '/apps/daint/UES/xalt/xalt2/software/xalt/2.7.24/lib64/libxalt_init.so' from LD_PRELOAD cannot be preloaded: ignored.
ERROR: ld.so: object '/apps/daint/UES/xalt/xalt2/software/xalt/2.7.24/lib64/libxalt_init.so' from LD_PRELOAD cannot be preloaded: ignored.
ERROR: ld.so: object '/apps/daint/UES/xalt/xalt2/software/xalt/2.7.24/lib64/libxalt_init.so' from LD_PRELOAD cannot be preloaded: ignored.
ERROR: ld.so: object '/apps/daint/UES/xalt/xalt2/software/xalt/2.7.24/lib64/libxalt_init.so' from LD_PRELOAD cannot be preloaded: ignored.
cp: cannot stat '/project/pr04/heimc/data/simulations/ARPEGE-NH_2.5/DYAMOND_2/native/PPCONV/PPCONV_*.nc': No such file or directory
ERROR: ld.so: object '/apps/daint/UES/xalt/xalt2/software/xalt/2.7.24/lib64/libxalt_init.so' from LD_PRELOAD cannot be preloaded: ignored.
ERROR: ld.so: object '/apps/daint/UES/xalt/xalt2/software/xalt/2.7.24/lib64/libxalt_init.so' from LD_PRELOAD cannot be preloaded: ignored.
cp: cannot stat '/project/pr04/heimc/data/simulations/ARPEGE-NH_2.5/DYAMOND_2/native/PPGRID/PPGRID_*.nc': No such file or directory
ERROR: ld.so: object '/apps/daint/UES/xalt/xalt2/software/xalt/2.7.24/lib64/libxalt_init.so' from LD_PRELOAD cannot be preloaded: ignored.
ERROR: ld.so: object '/apps/daint/UES/xalt/xalt2/software/xalt/2.7.24/lib64/libxalt_init.so' from LD_PRELOAD cannot be preloaded: ignored.
cp: cannot stat '/project/pr04/heimc/data/simulations/ARPEGE-NH_2.5/DYAMOND_2/native/PPANVI/PPANVI_*.nc': No such file or directory
ERROR: ld.so: object '/apps/daint/UES/xalt/xalt2/software/xalt/2.7.24/lib64/libxalt_init.so' from LD_PRELOAD cannot be preloaded: ignored.
ERROR: ld.so: object '/apps/daint/UES/xalt/xalt2/software/xalt/2.7.24/lib64/libxalt_init.so' from LD_PRELOAD cannot be preloaded: ignored.
ERROR: ld.so: object '/apps/daint/UES/xalt/xalt2/software/xalt/2.7.24/lib64/libxalt_init.so' from LD_PRELOAD cannot be preloaded: ignored.
ERROR: ld.so: object '/apps/daint/UES/xalt/xalt2/software/xalt/2.7.24/lib64/libxalt_init.so' from LD_PRELOAD cannot be preloaded: ignored.
ERROR: ld.so: object '/apps/daint/UES/xalt/xalt2/software/xalt/2.7.24/lib64/libxalt_init.so' from LD_PRELOAD cannot be preloaded: ignored.
ERROR: ld.so: object '/apps/daint/UES/xalt/xalt2/software/xalt/2.7.24/lib64/libxalt_init.so' from LD_PRELOAD cannot be preloaded: ignored.
ERROR: ld.so: object '/apps/daint/UES/xalt/xalt2/software/xalt/2.7.24/lib64/libxalt_init.so' from LD_PRELOAD cannot be preloaded: ignored.
ERROR: ld.so: object '/apps/daint/UES/xalt/xalt2/software/xalt/2.7.24/lib64/libxalt_init.so' from LD_PRELOAD cannot be preloaded: ignored.
ERROR: ld.so: object '/apps/daint/UES/xalt/xalt2/software/xalt/2.7.24/lib64/libxalt_init.so' from LD_PRELOAD cannot be preloaded: ignored.
ERROR: ld.so: object '/apps/daint/UES/xalt/xalt2/software/xalt/2.7.24/lib64/libxalt_init.so' from LD_PRELOAD cannot be preloaded: ignored.
ERROR: ld.so: object '/apps/daint/UES/xalt/xalt2/software/xalt/2.7.24/lib64/libxalt_init.so' from LD_PRELOAD cannot be preloaded: ignored.
ERROR: ld.so: object '/apps/daint/UES/xalt/xalt2/software/xalt/2.7.24/lib64/libxalt_init.so' from LD_PRELOAD cannot be preloaded: ignored.
ERROR: ld.so: object '/apps/daint/UES/xalt/xalt2/software/xalt/2.7.24/lib64/libxalt_init.so' from LD_PRELOAD cannot be preloaded: ignored.
ERROR: ld.so: object '/apps/daint/UES/xalt/xalt2/software/xalt/2.7.24/lib64/libxalt_init.so' from LD_PRELOAD cannot be preloaded: ignored.
ERROR: ld.so: object '/apps/daint/UES/xalt/xalt2/software/xalt/2.7.24/lib64/libxalt_init.so' from LD_PRELOAD cannot be preloaded: ignored.
ERROR: ld.so: object '/apps/daint/UES/xalt/xalt2/software/xalt/2.7.24/lib64/libxalt_init.so' from LD_PRELOAD cannot be preloaded: ignored.
cp: cannot stat '/project/pr04/heimc/data/simulations/FV3_3.25/DYAMOND_2/native/P/P_*.nc': No such file or directory
ERROR: ld.so: object '/apps/daint/UES/xalt/xalt2/software/xalt/2.7.24/lib64/libxalt_init.so' from LD_PRELOAD cannot be preloaded: ignored.
ERROR: ld.so: object '/apps/daint/UES/xalt/xalt2/software/xalt/2.7.24/lib64/libxalt_init.so' from LD_PRELOAD cannot be preloaded: ignored.
cp: cannot stat '/project/pr04/heimc/data/simulations/FV3_3.25/DYAMOND_2/native/HSURF/HSURF_*.nc': No such file or directory
ERROR: ld.so: object '/apps/daint/UES/xalt/xalt2/software/xalt/2.7.24/lib64/libxalt_init.so' from LD_PRELOAD cannot be preloaded: ignored.
ERROR: ld.so: object '/apps/daint/UES/xalt/xalt2/software/xalt/2.7.24/lib64/libxalt_init.so' from LD_PRELOAD cannot be preloaded: ignored.
cp: cannot stat '/project/pr04/heimc/data/simulations/FV3_3.25/DYAMOND_2/native/MSLP/MSLP_*.nc': No such file or directory
ERROR: ld.so: object '/apps/daint/UES/xalt/xalt2/software/xalt/2.7.24/lib64/libxalt_init.so' from LD_PRELOAD cannot be preloaded: ignored.
ERROR: ld.so: object '/apps/daint/UES/xalt/xalt2/software/xalt/2.7.24/lib64/libxalt_init.so' from LD_PRELOAD cannot be preloaded: ignored.
ERROR: ld.so: object '/apps/daint/UES/xalt/xalt2/software/xalt/2.7.24/lib64/libxalt_init.so' from LD_PRELOAD cannot be preloaded: ignored.
ERROR: ld.so: object '/apps/daint/UES/xalt/xalt2/software/xalt/2.7.24/lib64/libxalt_init.so' from LD_PRELOAD cannot be preloaded: ignored.
ERROR: ld.so: object '/apps/daint/UES/xalt/xalt2/software/xalt/2.7.24/lib64/libxalt_init.so' from LD_PRELOAD cannot be preloaded: ignored.
ERROR: ld.so: object '/apps/daint/UES/xalt/xalt2/software/xalt/2.7.24/lib64/libxalt_init.so' from LD_PRELOAD cannot be preloaded: ignored.
ERROR: ld.so: object '/apps/daint/UES/xalt/xalt2/software/xalt/2.7.24/lib64/libxalt_init.so' from LD_PRELOAD cannot be preloaded: ignored.
ERROR: ld.so: object '/apps/daint/UES/xalt/xalt2/software/xalt/2.7.24/lib64/libxalt_init.so' from LD_PRELOAD cannot be preloaded: ignored.
ERROR: ld.so: object '/apps/daint/UES/xalt/xalt2/software/xalt/2.7.24/lib64/libxalt_init.so' from LD_PRELOAD cannot be preloaded: ignored.
ERROR: ld.so: object '/apps/daint/UES/xalt/xalt2/software/xalt/2.7.24/lib64/libxalt_init.so' from LD_PRELOAD cannot be preloaded: ignored.
ERROR: ld.so: object '/apps/daint/UES/xalt/xalt2/software/xalt/2.7.24/lib64/libxalt_init.so' from LD_PRELOAD cannot be preloaded: ignored.
ERROR: ld.so: object '/apps/daint/UES/xalt/xalt2/software/xalt/2.7.24/lib64/libxalt_init.so' from LD_PRELOAD cannot be preloaded: ignored.
ERROR: ld.so: object '/apps/daint/UES/xalt/xalt2/software/xalt/2.7.24/lib64/libxalt_init.so' from LD_PRELOAD cannot be preloaded: ignored.
ERROR: ld.so: object '/apps/daint/UES/xalt/xalt2/software/xalt/2.7.24/lib64/libxalt_init.so' from LD_PRELOAD cannot be preloaded: ignored.
cp: cannot stat '/project/pr04/heimc/data/simulations/FV3_3.25/DYAMOND_2/native/SWNDTOA/SWNDTOA_*.nc': No such file or directory
ERROR: ld.so: object '/apps/daint/UES/xalt/xalt2/software/xalt/2.7.24/lib64/libxalt_init.so' from LD_PRELOAD cannot be preloaded: ignored.
ERROR: ld.so: object '/apps/daint/UES/xalt/xalt2/software/xalt/2.7.24/lib64/libxalt_init.so' from LD_PRELOAD cannot be preloaded: ignored.
ERROR: ld.so: object '/apps/daint/UES/xalt/xalt2/software/xalt/2.7.24/lib64/libxalt_init.so' from LD_PRELOAD cannot be preloaded: ignored.
ERROR: ld.so: object '/apps/daint/UES/xalt/xalt2/software/xalt/2.7.24/lib64/libxalt_init.so' from LD_PRELOAD cannot be preloaded: ignored.
ERROR: ld.so: object '/apps/daint/UES/xalt/xalt2/software/xalt/2.7.24/lib64/libxalt_init.so' from LD_PRELOAD cannot be preloaded: ignored.
ERROR: ld.so: object '/apps/daint/UES/xalt/xalt2/software/xalt/2.7.24/lib64/libxalt_init.so' from LD_PRELOAD cannot be preloaded: ignored.
cp: cannot stat '/project/pr04/heimc/data/simulations/FV3_3.25/DYAMOND_2/native/SWNDSFC/SWNDSFC_*.nc': No such file or directory
ERROR: ld.so: object '/apps/daint/UES/xalt/xalt2/software/xalt/2.7.24/lib64/libxalt_init.so' from LD_PRELOAD cannot be preloaded: ignored.
ERROR: ld.so: object '/apps/daint/UES/xalt/xalt2/software/xalt/2.7.24/lib64/libxalt_init.so' from LD_PRELOAD cannot be preloaded: ignored.
cp: cannot stat '/project/pr04/heimc/data/simulations/FV3_3.25/DYAMOND_2/native/SWDIFFUSFC/SWDIFFUSFC_*.nc': No such file or directory
ERROR: ld.so: object '/apps/daint/UES/xalt/xalt2/software/xalt/2.7.24/lib64/libxalt_init.so' from LD_PRELOAD cannot be preloaded: ignored.
ERROR: ld.so: object '/apps/daint/UES/xalt/xalt2/software/xalt/2.7.24/lib64/libxalt_init.so' from LD_PRELOAD cannot be preloaded: ignored.
cp: cannot stat '/project/pr04/heimc/data/simulations/FV3_3.25/DYAMOND_2/native/SST/SST_*.nc': No such file or directory
ERROR: ld.so: object '/apps/daint/UES/xalt/xalt2/software/xalt/2.7.24/lib64/libxalt_init.so' from LD_PRELOAD cannot be preloaded: ignored.
ERROR: ld.so: object '/apps/daint/UES/xalt/xalt2/software/xalt/2.7.24/lib64/libxalt_init.so' from LD_PRELOAD cannot be preloaded: ignored.
ERROR: ld.so: object '/apps/daint/UES/xalt/xalt2/software/xalt/2.7.24/lib64/libxalt_init.so' from LD_PRELOAD cannot be preloaded: ignored.
ERROR: ld.so: object '/apps/daint/UES/xalt/xalt2/software/xalt/2.7.24/lib64/libxalt_init.so' from LD_PRELOAD cannot be preloaded: ignored.
ERROR: ld.so: object '/apps/daint/UES/xalt/xalt2/software/xalt/2.7.24/lib64/libxalt_init.so' from LD_PRELOAD cannot be preloaded: ignored.
ERROR: ld.so: object '/apps/daint/UES/xalt/xalt2/software/xalt/2.7.24/lib64/libxalt_init.so' from LD_PRELOAD cannot be preloaded: ignored.
ERROR: ld.so: object '/apps/daint/UES/xalt/xalt2/software/xalt/2.7.24/lib64/libxalt_init.so' from LD_PRELOAD cannot be preloaded: ignored.
ERROR: ld.so: object '/apps/daint/UES/xalt/xalt2/software/xalt/2.7.24/lib64/libxalt_init.so' from LD_PRELOAD cannot be preloaded: ignored.
ERROR: ld.so: object '/apps/daint/UES/xalt/xalt2/software/xalt/2.7.24/lib64/libxalt_init.so' from LD_PRELOAD cannot be preloaded: ignored.
ERROR: ld.so: object '/apps/daint/UES/xalt/xalt2/software/xalt/2.7.24/lib64/libxalt_init.so' from LD_PRELOAD cannot be preloaded: ignored.
ERROR: ld.so: object '/apps/daint/UES/xalt/xalt2/software/xalt/2.7.24/lib64/libxalt_init.so' from LD_PRELOAD cannot be preloaded: ignored.
ERROR: ld.so: object '/apps/daint/UES/xalt/xalt2/software/xalt/2.7.24/lib64/libxalt_init.so' from LD_PRELOAD cannot be preloaded: ignored.
cp: cannot stat '/project/pr04/heimc/data/simulations/FV3_3.25/DYAMOND_2/native/CLCL/CLCL_*.nc': No such file or directory
ERROR: ld.so: object '/apps/daint/UES/xalt/xalt2/software/xalt/2.7.24/lib64/libxalt_init.so' from LD_PRELOAD cannot be preloaded: ignored.
ERROR: ld.so: object '/apps/daint/UES/xalt/xalt2/software/xalt/2.7.24/lib64/libxalt_init.so' from LD_PRELOAD cannot be preloaded: ignored.
ERROR: ld.so: object '/apps/daint/UES/xalt/xalt2/software/xalt/2.7.24/lib64/libxalt_init.so' from LD_PRELOAD cannot be preloaded: ignored.
ERROR: ld.so: object '/apps/daint/UES/xalt/xalt2/software/xalt/2.7.24/lib64/libxalt_init.so' from LD_PRELOAD cannot be preloaded: ignored.
ERROR: ld.so: object '/apps/daint/UES/xalt/xalt2/software/xalt/2.7.24/lib64/libxalt_init.so' from LD_PRELOAD cannot be preloaded: ignored.
ERROR: ld.so: object '/apps/daint/UES/xalt/xalt2/software/xalt/2.7.24/lib64/libxalt_init.so' from LD_PRELOAD cannot be preloaded: ignored.
cp: cannot stat '/project/pr04/heimc/data/simulations/FV3_3.25/DYAMOND_2/native/PPCONV/PPCONV_*.nc': No such file or directory
ERROR: ld.so: object '/apps/daint/UES/xalt/xalt2/software/xalt/2.7.24/lib64/libxalt_init.so' from LD_PRELOAD cannot be preloaded: ignored.
ERROR: ld.so: object '/apps/daint/UES/xalt/xalt2/software/xalt/2.7.24/lib64/libxalt_init.so' from LD_PRELOAD cannot be preloaded: ignored.
cp: cannot stat '/project/pr04/heimc/data/simulations/FV3_3.25/DYAMOND_2/native/PPGRID/PPGRID_*.nc': No such file or directory
ERROR: ld.so: object '/apps/daint/UES/xalt/xalt2/software/xalt/2.7.24/lib64/libxalt_init.so' from LD_PRELOAD cannot be preloaded: ignored.
ERROR: ld.so: object '/apps/daint/UES/xalt/xalt2/software/xalt/2.7.24/lib64/libxalt_init.so' from LD_PRELOAD cannot be preloaded: ignored.
cp: cannot stat '/project/pr04/heimc/data/simulations/FV3_3.25/DYAMOND_2/native/PPANVI/PPANVI_*.nc': No such file or directory
srun: error: nordend04: task 0: Exited with exit code 1
srun: Terminating job step 21229160.0
ERROR: ld.so: object '/apps/daint/UES/xalt/xalt2/software/xalt/2.7.24/lib64/libxalt_init.so' from LD_PRELOAD cannot be preloaded: ignored.
