GEOS_pp started on Tue Apr  7 18:32:37 CEST 2020:
   

running GEOS_3 with 12 parallel jobs
run for variables:
['CLCL', 'CLCT', 'PP', 'PPCONV', 'PPGRID']
	 PP
		#### Apply LOSSY compression to compr_out_daily.
		 find min&max
21.6 % of memory used.
21.4 % of memory used.
21.1 % of memory used.
19.4 % of memory used.
19.3 % of memory used.
18.3 % of memory used.
16.7 % of memory used.
15.6 % of memory used.
15.0 % of memory used.
14.4 % of memory used.
14.0 % of memory used.
13.3 % of memory used.
21.2 % of memory used.
20.5 % of memory used.
20.3 % of memory used.
20.2 % of memory used.
20.1 % of memory used.
18.1 % of memory used.
17.6 % of memory used.
16.6 % of memory used.
15.8 % of memory used.
15.2 % of memory used.
14.7 % of memory used.
14.1 % of memory used.
21.4 % of memory used.
21.3 % of memory used.
20.4 % of memory used.
21.0 % of memory used.
19.6 % of memory used.
18.6 % of memory used.
18.1 % of memory used.
17.8 % of memory used.
17.0 % of memory used.
16.5 % of memory used.
15.4 % of memory used.
14.8 % of memory used.
16.7 % of memory used.
16.6 % of memory used.
15.8 % of memory used.
14.7 % of memory used.
			max 0.05845647305250168
			min 0.0
		 compress
14.2 % of memory used.
14.2 % of memory used.
14.2 % of memory used.
14.2 % of memory used.
14.2 % of memory used.14.2 % of memory used.

14.2 % of memory used.
14.2 % of memory used.
14.2 % of memory used.
14.2 % of memory used.
14.2 % of memory used.
14.2 % of memory used.
26.9 % of memory used.
26.7 % of memory used.
23.8 % of memory used.
23.8 % of memory used.
22.9 % of memory used.
22.8 % of memory used.
22.5 % of memory used.
22.2 % of memory used.
21.6 % of memory used.
21.2 % of memory used.
21.2 % of memory used.
21.2 % of memory used.
25.1 % of memory used.
25.4 % of memory used.
24.9 % of memory used.
25.1 % of memory used.
24.2 % of memory used.
23.0 % of memory used.
22.5 % of memory used.
22.5 % of memory used.
22.1 % of memory used.
21.8 % of memory used.
21.8 % of memory used.
21.9 % of memory used.
25.2 % of memory used.
24.0 % of memory used.
23.2 % of memory used.
23.2 % of memory used.
##########################################################
Took 3.95 min.
Detailed process times (cpu time, not real time):
tot_cpu	100.0	%	3.95 	min
minmax	11.0	%	0.45 	min
ompress	89.0	%	3.5 	min
GEOS_pp finished on Tue Apr  7 18:36:47 CEST 2020

 
Batch Job Summary Report for Job "GEOS_pp" (21768688) on daint
-----------------------------------------------------------------------------------------------------
             Submit            Eligible               Start                 End    Elapsed  Timelimit 
------------------- ------------------- ------------------- ------------------- ---------- ---------- 
2020-04-07T18:02:14 2020-04-07T18:02:14 2020-04-07T18:32:15 2020-04-07T18:36:47   00:04:32   01:30:00 
-----------------------------------------------------------------------------------------------------
Username    Account     Partition   NNodes   Energy
----------  ----------  ----------  ------  --------------
heimc       pr94        normal           1   32.78K joules
 
This job did not utilize any GPUs
 
----------------------------------------------------------
Scratch File System        Files       Quota
--------------------  ----------  ----------
/scratch/snx3000          522683     1000000
 
