test_MPAS_3.75 started on Fri Mar 20 15:21:19 CET 2020:
   

RUNNING FOR MPAS_3.75
################# U ##############
################# V ##############
################# W ##############
################# T ##############
################# H ##############
################# P ##############
################# QV ##############
################# QC ##############
################# U10M ##############
################# V10M ##############
################# T2M ##############
################# PS ##############
################# MSLP ##############
################# LWUTOA ##############
################# SWNDTOA ##############
################# SWDTOA ##############
Skip SWDTOA. Does not exit.
################# SWUTOA ##############
################# SST ##############
################# SLHFLX ##############
################# SSHFLX ##############
################# CLCT ##############
################# CLCT ##############
################# TQC ##############
################# TQI ##############
################# TQV ##############
################# PP ##############
################# PPCONV ##############
################# PPGRID ##############
test_MPAS_3.75 finished on Fri Mar 20 16:42:02 CET 2020

 
Batch Job Summary Report for Job "test_MPAS_3.75" (21272273) on daint
-----------------------------------------------------------------------------------------------------
             Submit            Eligible               Start                 End    Elapsed  Timelimit 
------------------- ------------------- ------------------- ------------------- ---------- ---------- 
2020-03-20T14:55:45 2020-03-20T14:55:45 2020-03-20T15:20:58 2020-03-20T16:43:04   01:22:06   06:00:00 
-----------------------------------------------------------------------------------------------------
Username    Account     Partition   NNodes   Energy
----------  ----------  ----------  ------  --------------
heimc       pr04        normal           1  563.62K joules
 
This job did not utilize any GPUs
 
----------------------------------------------------------
Scratch File System        Files       Quota
--------------------  ----------  ----------
/scratch/snx3000          526017     1000000
 
