GEOS_shflx started on Tue Apr  7 18:32:37 CEST 2020:
   

running GEOS_3 with 12 parallel jobs
run for variables:
['SST', 'SLHFLX', 'SSHFLX']
	 SLHFLX
		#### Apply LOSSY compression to compr_out_daily.
		 find min&max
22.7 % of memory used.
20.4 % of memory used.
19.3 % of memory used.
19.1 % of memory used.
18.1 % of memory used.
18.0 % of memory used.
16.4 % of memory used.
16.3 % of memory used.
16.1 % of memory used.
15.6 % of memory used.
13.8 % of memory used.
13.2 % of memory used.
21.7 % of memory used.
22.2 % of memory used.
22.1 % of memory used.
19.1 % of memory used.
19.0 % of memory used.
17.9 % of memory used.
17.7 % of memory used.
16.8 % of memory used.
16.4 % of memory used.
16.1 % of memory used.
15.8 % of memory used.
14.2 % of memory used.
21.8 % of memory used.
22.5 % of memory used.
22.0 % of memory used.
21.0 % of memory used.
20.7 % of memory used.
20.5 % of memory used.
18.3 % of memory used.
17.2 % of memory used.
16.6 % of memory used.
16.1 % of memory used.
15.5 % of memory used.
14.9 % of memory used.
17.1 % of memory used.
16.1 % of memory used.
15.5 % of memory used.
14.9 % of memory used.
			max 62732.64453125
			min -5931.11962890625
		 compress
14.3 % of memory used.
14.3 % of memory used.
14.3 % of memory used.
14.3 % of memory used.
14.3 % of memory used.
14.3 % of memory used.
14.3 % of memory used.
14.3 % of memory used.
14.4 % of memory used.
14.4 % of memory used.14.4 % of memory used.

14.4 % of memory used.
21.0 % of memory used.
20.8 % of memory used.
20.8 % of memory used.
20.8 % of memory used.
20.7 % of memory used.
20.7 % of memory used.
20.5 % of memory used.
20.3 % of memory used.
20.3 % of memory used.
20.3 % of memory used.
20.3 % of memory used.
20.1 % of memory used.
22.1 % of memory used.
21.2 % of memory used.
20.9 % of memory used.
20.7 % of memory used.
20.2 % of memory used.
20.2 % of memory used.
20.0 % of memory used.
19.9 % of memory used.
19.8 % of memory used.
19.8 % of memory used.
19.8 % of memory used.
19.7 % of memory used.
23.6 % of memory used.
21.4 % of memory used.
21.2 % of memory used.
20.6 % of memory used.
	 SSHFLX
		#### Apply LOSSY compression to compr_out_daily.
		 find min&max
35.9 % of memory used.
34.0 % of memory used.
33.4 % of memory used.
32.7 % of memory used.
30.8 % of memory used.
30.3 % of memory used.
29.6 % of memory used.
29.1 % of memory used.
28.6 % of memory used.
28.0 % of memory used.
27.8 % of memory used.
26.7 % of memory used.
35.3 % of memory used.
34.9 % of memory used.
33.8 % of memory used.
32.9 % of memory used.
32.2 % of memory used.
32.1 % of memory used.
30.7 % of memory used.
30.1 % of memory used.
29.0 % of memory used.
28.5 % of memory used.
28.1 % of memory used.
27.7 % of memory used.
35.3 % of memory used.
35.0 % of memory used.
34.2 % of memory used.
33.6 % of memory used.
32.6 % of memory used.
32.1 % of memory used.
31.1 % of memory used.
30.6 % of memory used.
30.4 % of memory used.
29.1 % of memory used.
28.6 % of memory used.
28.2 % of memory used.
30.2 % of memory used.
30.1 % of memory used.
29.4 % of memory used.
27.9 % of memory used.
			max 6421.01025390625
			min -62203.1484375
		 compress
27.3 % of memory used.
27.3 % of memory used.
27.3 % of memory used.
27.3 % of memory used.
27.3 % of memory used.
27.3 % of memory used.
27.3 % of memory used.
27.3 % of memory used.
27.3 % of memory used.
27.3 % of memory used.
27.3 % of memory used.
27.3 % of memory used.
37.0 % of memory used.
34.8 % of memory used.
34.8 % of memory used.
34.2 % of memory used.
34.2 % of memory used.
34.0 % of memory used.
33.9 % of memory used.
33.8 % of memory used.
33.7 % of memory used.
33.0 % of memory used.
33.0 % of memory used.
33.1 % of memory used.
36.9 % of memory used.
36.7 % of memory used.
36.3 % of memory used.
34.0 % of memory used.
33.9 % of memory used.
33.4 % of memory used.
33.3 % of memory used.
33.2 % of memory used.
33.2 % of memory used.
33.2 % of memory used.
33.0 % of memory used.
33.3 % of memory used.
37.3 % of memory used.
35.9 % of memory used.
35.8 % of memory used.
34.9 % of memory used.
##########################################################
Took 7.82 min.
Detailed process times (cpu time, not real time):
tot_cpu	100.0	%	7.82 	min
minmax	11.0	%	0.87 	min
ompress	89.0	%	6.95 	min
caught signal <cdo.Cdo object at 0x2aaabedabc10> 15 <frame at 0x5555568c8490, file '/project/pr04/heimc/miniconda3/lib/python3.7/multiprocessing/process.py', line 315, code _bootstrap>
GEOS_shflx finished on Tue Apr  7 18:40:40 CEST 2020

 
Batch Job Summary Report for Job "GEOS_shflx" (21768626) on daint
-----------------------------------------------------------------------------------------------------
             Submit            Eligible               Start                 End    Elapsed  Timelimit 
------------------- ------------------- ------------------- ------------------- ---------- ---------- 
2020-04-07T17:52:06 2020-04-07T17:52:06 2020-04-07T18:32:15 2020-04-07T18:40:40   00:08:25   01:30:00 
-----------------------------------------------------------------------------------------------------
Username    Account     Partition   NNodes   Energy
----------  ----------  ----------  ------  --------------
heimc       pr94        normal           1   67.26K joules
 
This job did not utilize any GPUs
 
----------------------------------------------------------
Scratch File System        Files       Quota
--------------------  ----------  ----------
/scratch/snx3000          522683     1000000
 
