GEOS_tqv started on Tue Apr  7 18:32:37 CEST 2020:
   

running GEOS_3 with 12 parallel jobs
run for variables:
['TQC', 'TQI', 'TQV']
	 TQC
		#### Apply LOSSY compression to compr_out_daily.
		 find min&max
23.0 % of memory used.
22.7 % of memory used.
20.8 % of memory used.
20.4 % of memory used.
18.9 % of memory used.
17.4 % of memory used.
16.7 % of memory used.
15.6 % of memory used.
15.0 % of memory used.
14.4 % of memory used.
14.1 % of memory used.
13.2 % of memory used.
22.0 % of memory used.
21.2 % of memory used.
21.0 % of memory used.
20.7 % of memory used.
20.2 % of memory used.
18.6 % of memory used.
18.4 % of memory used.
17.6 % of memory used.
16.9 % of memory used.
15.6 % of memory used.
14.7 % of memory used.
14.2 % of memory used.
23.0 % of memory used.
21.2 % of memory used.
21.0 % of memory used.
19.9 % of memory used.
19.5 % of memory used.
19.1 % of memory used.
18.1 % of memory used.
18.8 % of memory used.
18.7 % of memory used.
16.2 % of memory used.
16.0 % of memory used.
15.3 % of memory used.
16.8 % of memory used.
16.3 % of memory used.
15.5 % of memory used.
15.0 % of memory used.
			max 56.293277740478516
			min 6.626819093469294e-10
		 compress
14.3 % of memory used.
14.3 % of memory used.
14.3 % of memory used.
14.3 % of memory used.
14.3 % of memory used.
14.3 % of memory used.
14.3 % of memory used.
14.3 % of memory used.
14.3 % of memory used.
14.3 % of memory used.
14.3 % of memory used.
14.3 % of memory used.
21.9 % of memory used.
21.7 % of memory used.
21.5 % of memory used.
21.5 % of memory used.
21.4 % of memory used.
20.9 % of memory used.
20.7 % of memory used.
20.5 % of memory used.
20.5 % of memory used.
20.6 % of memory used.
20.3 % of memory used.
20.3 % of memory used.
23.9 % of memory used.
23.9 % of memory used.
23.0 % of memory used.
22.9 % of memory used.
22.9 % of memory used.
21.7 % of memory used.
21.1 % of memory used.
20.8 % of memory used.
20.7 % of memory used.
20.2 % of memory used.
20.1 % of memory used.
20.3 % of memory used.
23.5 % of memory used.
23.3 % of memory used.
23.1 % of memory used.
21.3 % of memory used.
	 TQI
		#### Apply LOSSY compression to compr_out_daily.
		 find min&max
34.7 % of memory used.
34.7 % of memory used.
32.6 % of memory used.
31.8 % of memory used.
31.2 % of memory used.
31.1 % of memory used.
30.1 % of memory used.
29.9 % of memory used.
28.4 % of memory used.
28.0 % of memory used.
26.8 % of memory used.
26.3 % of memory used.
35.2 % of memory used.
35.2 % of memory used.
34.6 % of memory used.
32.8 % of memory used.
31.2 % of memory used.
30.6 % of memory used.
30.3 % of memory used.
30.2 % of memory used.
30.1 % of memory used.
28.6 % of memory used.
28.0 % of memory used.
27.6 % of memory used.
35.1 % of memory used.
34.1 % of memory used.
33.7 % of memory used.
32.9 % of memory used.
32.7 % of memory used.
32.8 % of memory used.
30.7 % of memory used.
30.2 % of memory used.
29.8 % of memory used.
29.2 % of memory used.
28.6 % of memory used.
27.9 % of memory used.
29.8 % of memory used.
29.6 % of memory used.
28.8 % of memory used.
27.6 % of memory used.
			max 33.11801528930664
			min 2.383747342884513e-25
		 compress
27.1 % of memory used.
27.1 % of memory used.
27.1 % of memory used.
27.1 % of memory used.
27.1 % of memory used.
27.1 % of memory used.
27.1 % of memory used.
27.1 % of memory used.
27.1 % of memory used.
27.1 % of memory used.
27.1 % of memory used.
27.1 % of memory used.
37.8 % of memory used.
36.6 % of memory used.
36.5 % of memory used.
36.5 % of memory used.
36.6 % of memory used.
36.4 % of memory used.
35.6 % of memory used.
35.5 % of memory used.
35.6 % of memory used.
35.3 % of memory used.
35.8 % of memory used.
36.0 % of memory used.
36.6 % of memory used.
36.2 % of memory used.
35.7 % of memory used.
35.7 % of memory used.
35.7 % of memory used.
35.7 % of memory used.
35.3 % of memory used.
35.3 % of memory used.
35.3 % of memory used.
35.3 % of memory used.
36.7 % of memory used.
36.8 % of memory used.
37.0 % of memory used.
36.6 % of memory used.
36.8 % of memory used.
35.5 % of memory used.
	 TQV
		#### Apply LOSSY compression to compr_out_daily.
		 find min&max
46.7 % of memory used.
46.5 % of memory used.
45.7 % of memory used.
45.3 % of memory used.
45.0 % of memory used.
43.4 % of memory used.
43.4 % of memory used.
41.8 % of memory used.
41.2 % of memory used.
40.8 % of memory used.
39.6 % of memory used.
39.2 % of memory used.
46.5 % of memory used.
46.1 % of memory used.
45.4 % of memory used.
45.2 % of memory used.
44.8 % of memory used.
44.6 % of memory used.
43.8 % of memory used.
42.3 % of memory used.
42.1 % of memory used.
41.7 % of memory used.
40.7 % of memory used.
40.3 % of memory used.
47.3 % of memory used.
47.1 % of memory used.
45.6 % of memory used.
45.4 % of memory used.
44.5 % of memory used.
44.5 % of memory used.
44.3 % of memory used.
42.8 % of memory used.
42.2 % of memory used.
41.7 % of memory used.
41.3 % of memory used.
40.8 % of memory used.
43.7 % of memory used.
41.7 % of memory used.
41.5 % of memory used.
40.5 % of memory used.
			max 69.58761596679688
			min 0.4422854781150818
		 compress
39.9 % of memory used.
39.9 % of memory used.
39.9 % of memory used.
39.9 % of memory used.
39.9 % of memory used.39.9 % of memory used.

39.9 % of memory used.
39.9 % of memory used.
39.9 % of memory used.
39.9 % of memory used.
39.9 % of memory used.
39.9 % of memory used.
46.9 % of memory used.
46.9 % of memory used.
46.9 % of memory used.
46.7 % of memory used.
46.4 % of memory used.
46.3 % of memory used.
46.2 % of memory used.
46.0 % of memory used.
46.0 % of memory used.
46.0 % of memory used.
46.0 % of memory used.
46.0 % of memory used.
47.8 % of memory used.
47.1 % of memory used.
46.9 % of memory used.
46.7 % of memory used.
46.0 % of memory used.
45.9 % of memory used.
45.9 % of memory used.
45.9 % of memory used.
45.9 % of memory used.
45.8 % of memory used.
45.8 % of memory used.
45.8 % of memory used.
48.0 % of memory used.
48.0 % of memory used.
46.7 % of memory used.
46.2 % of memory used.
##########################################################
Took 11.07 min.
Detailed process times (cpu time, not real time):
tot_cpu	100.0	%	11.07 	min
minmax	12.0	%	1.32 	min
ompress	88.0	%	9.75 	min
GEOS_tqv finished on Tue Apr  7 18:43:59 CEST 2020

 
Batch Job Summary Report for Job "GEOS_tqv" (21768629) on daint
-----------------------------------------------------------------------------------------------------
             Submit            Eligible               Start                 End    Elapsed  Timelimit 
------------------- ------------------- ------------------- ------------------- ---------- ---------- 
2020-04-07T17:52:29 2020-04-07T17:52:30 2020-04-07T18:32:15 2020-04-07T18:43:59   00:11:44   01:30:00 
-----------------------------------------------------------------------------------------------------
Username    Account     Partition   NNodes   Energy
----------  ----------  ----------  ------  --------------
heimc       pr94        normal           1   93.21K joules
 
This job did not utilize any GPUs
 
----------------------------------------------------------
Scratch File System        Files       Quota
--------------------  ----------  ----------
/scratch/snx3000          522683     1000000
 
