GEOS_rad started on Tue Apr  7 18:37:56 CEST 2020:
   

running GEOS_3 with 12 parallel jobs
run for variables:
['LWUTOA', 'SWNDTOA', 'SWDTOA', 'SWUTOA']
	 LWUTOA
		#### Apply LOSSY compression to compr_out_daily.
		 find min&max
21.0 % of memory used.
20.1 % of memory used.
19.9 % of memory used.
19.1 % of memory used.
18.4 % of memory used.
18.2 % of memory used.
16.8 % of memory used.
15.9 % of memory used.
15.0 % of memory used.
14.5 % of memory used.
14.1 % of memory used.
13.7 % of memory used.
22.7 % of memory used.
22.3 % of memory used.
20.8 % of memory used.
19.4 % of memory used.
19.3 % of memory used.
18.5 % of memory used.
18.4 % of memory used.
16.3 % of memory used.
15.7 % of memory used.
15.1 % of memory used.
14.5 % of memory used.
15.2 % of memory used.
23.0 % of memory used.
22.1 % of memory used.
20.6 % of memory used.
20.3 % of memory used.
19.2 % of memory used.
18.6 % of memory used.
18.2 % of memory used.
18.0 % of memory used.
17.0 % of memory used.
15.7 % of memory used.
15.1 % of memory used.
15.1 % of memory used.
17.2 % of memory used.
15.8 % of memory used.
15.2 % of memory used.
14.6 % of memory used.
			max 381.35601806640625
			min 81.13926696777344
		 compress
14.0 % of memory used.
14.0 % of memory used.14.0 % of memory used.

14.0 % of memory used.
14.0 % of memory used.
14.0 % of memory used.
14.0 % of memory used.
14.0 % of memory used.
14.0 % of memory used.
14.0 % of memory used.
14.0 % of memory used.
14.0 % of memory used.
21.4 % of memory used.
21.3 % of memory used.
20.9 % of memory used.
20.9 % of memory used.
20.8 % of memory used.
20.4 % of memory used.
20.4 % of memory used.
20.1 % of memory used.
20.0 % of memory used.
19.9 % of memory used.
20.0 % of memory used.
20.1 % of memory used.
21.2 % of memory used.
21.1 % of memory used.
20.9 % of memory used.
20.8 % of memory used.
20.4 % of memory used.
20.0 % of memory used.
19.8 % of memory used.
19.7 % of memory used.
19.7 % of memory used.
19.7 % of memory used.
19.7 % of memory used.
19.7 % of memory used.
22.4 % of memory used.
20.9 % of memory used.
20.8 % of memory used.
20.7 % of memory used.
	 SWNDTOA
		#### Apply LOSSY compression to compr_out_daily.
		 find min&max
34.5 % of memory used.
33.4 % of memory used.
33.1 % of memory used.
32.6 % of memory used.
31.0 % of memory used.
30.6 % of memory used.
30.3 % of memory used.
29.5 % of memory used.
29.1 % of memory used.
27.9 % of memory used.
27.3 % of memory used.
26.7 % of memory used.
35.4 % of memory used.
35.1 % of memory used.
34.2 % of memory used.
32.9 % of memory used.
31.9 % of memory used.
31.3 % of memory used.31.3 % of memory used.

30.1 % of memory used.
28.9 % of memory used.
28.3 % of memory used.
28.2 % of memory used.
27.2 % of memory used.
36.5 % of memory used.
34.1 % of memory used.
33.6 % of memory used.
33.2 % of memory used.
32.5 % of memory used.
32.1 % of memory used.
31.1 % of memory used.
31.0 % of memory used.
30.1 % of memory used.
29.1 % of memory used.
28.5 % of memory used.
28.0 % of memory used.
29.9 % of memory used.
28.7 % of memory used.
28.1 % of memory used.
27.5 % of memory used.
			max 1258.7744140625
			min 0.0
		 compress
26.9 % of memory used.
26.9 % of memory used.
26.9 % of memory used.
26.9 % of memory used.
26.9 % of memory used.
27.0 % of memory used.
27.0 % of memory used.
27.0 % of memory used.
27.0 % of memory used.
27.0 % of memory used.27.0 % of memory used.

27.0 % of memory used.
36.4 % of memory used.
34.1 % of memory used.
33.9 % of memory used.
33.7 % of memory used.
33.7 % of memory used.
33.3 % of memory used.
33.3 % of memory used.
33.3 % of memory used.
33.3 % of memory used.
33.3 % of memory used.
33.3 % of memory used.
33.3 % of memory used.
35.9 % of memory used.
34.6 % of memory used.
34.4 % of memory used.
33.7 % of memory used.
33.7 % of memory used.
33.4 % of memory used.
33.3 % of memory used.
33.1 % of memory used.
33.1 % of memory used.
33.1 % of memory used.
33.1 % of memory used.
33.1 % of memory used.
35.8 % of memory used.
35.7 % of memory used.
35.3 % of memory used.
34.7 % of memory used.
##########################################################
Took 6.3 min.
Detailed process times (cpu time, not real time):
tot_cpu	100.0	%	6.3 	min
minmax	12.0	%	0.74 	min
ompress	88.0	%	5.55 	min
GEOS_rad finished on Tue Apr  7 18:44:23 CEST 2020

 
Batch Job Summary Report for Job "GEOS_rad" (21768621) on daint
-----------------------------------------------------------------------------------------------------
             Submit            Eligible               Start                 End    Elapsed  Timelimit 
------------------- ------------------- ------------------- ------------------- ---------- ---------- 
2020-04-07T17:51:38 2020-04-07T17:51:38 2020-04-07T18:37:33 2020-04-07T18:44:23   00:06:50   01:30:00 
-----------------------------------------------------------------------------------------------------
Username    Account     Partition   NNodes   Energy
----------  ----------  ----------  ------  --------------
heimc       pr94        normal           1   54.68K joules
 
This job did not utilize any GPUs
 
----------------------------------------------------------
Scratch File System        Files       Quota
--------------------  ----------  ----------
/scratch/snx3000          522683     1000000
 
