replace QI started on Thu Aug 20 11:23:44 CEST 2020:
   

/scratch/snx3000/heimc/lmp/wd/16080100_SA_4_2/lm_coarse/lffd20160817140000.nc
(1, 60, 1200, 1350)
/scratch/snx3000/heimc/lmp/wd/16080100_SA_4_2/lm_coarse/lffd20160811230000.nc
(1, 60, 1200, 1350)
/scratch/snx3000/heimc/lmp/wd/16080100_SA_4_2/lm_coarse/lffd20160826090000.nc
(1, 60, 1200, 1350)
/scratch/snx3000/heimc/lmp/wd/16080100_SA_4_2/lm_coarse/lffd20160818080000.nc
(1, 60, 1200, 1350)
/scratch/snx3000/heimc/lmp/wd/16080100_SA_4_2/lm_coarse/lffd20160829110000.nc
(1, 60, 1200, 1350)
/scratch/snx3000/heimc/lmp/wd/16080100_SA_4_2/lm_coarse/lffd20160805020000.nc
(1, 60, 1200, 1350)
/scratch/snx3000/heimc/lmp/wd/16080100_SA_4_2/lm_coarse/lffd20160817070000.nc
(1, 60, 1200, 1350)
/scratch/snx3000/heimc/lmp/wd/16080100_SA_4_2/lm_coarse/lffd20160820040000.nc
(1, 60, 1200, 1350)
/scratch/snx3000/heimc/lmp/wd/16080100_SA_4_2/lm_coarse/lffd20160818110000.nc
(1, 60, 1200, 1350)
/scratch/snx3000/heimc/lmp/wd/16080100_SA_4_2/lm_coarse/lffd20160827040000.nc
(1, 60, 1200, 1350)
/scratch/snx3000/heimc/lmp/wd/16080100_SA_4_2/lm_coarse/lffd20160825060000.nc
(1, 60, 1200, 1350)
/scratch/snx3000/heimc/lmp/wd/16080100_SA_4_2/lm_coarse/lffd20160807000000.nc
(1, 60, 1200, 1350)
/scratch/snx3000/heimc/lmp/wd/16080100_SA_4_2/lm_coarse/lffd20160802220000.nc
(1, 60, 1200, 1350)
/scratch/snx3000/heimc/lmp/wd/16080100_SA_4_2/lm_coarse/lffd20160804100000.nc
(1, 60, 1200, 1350)
/scratch/snx3000/heimc/lmp/wd/16080100_SA_4_2/lm_coarse/lffd20160822010000.nc
(1, 60, 1200, 1350)
/scratch/snx3000/heimc/lmp/wd/16080100_SA_4_2/lm_coarse/lffd20160815100000.nc
(1, 60, 1200, 1350)
/scratch/snx3000/heimc/lmp/wd/16080100_SA_4_2/lm_coarse/lffd20160811110000.nc
(1, 60, 1200, 1350)
/scratch/snx3000/heimc/lmp/wd/16080100_SA_4_2/lm_coarse/lffd20160830160000.nc
(1, 60, 1200, 1350)
/scratch/snx3000/heimc/lmp/wd/16080100_SA_4_2/lm_coarse/lffd20160821130000.nc
(1, 60, 1200, 1350)
/scratch/snx3000/heimc/lmp/wd/16080100_SA_4_2/lm_coarse/lffd20160809220000.nc
(1, 60, 1200, 1350)
/scratch/snx3000/heimc/lmp/wd/16080100_SA_4_2/lm_coarse/lffd20160817200000.nc
(1, 60, 1200, 1350)
/scratch/snx3000/heimc/lmp/wd/16080100_SA_4_2/lm_coarse/lffd20160825070000.nc
(1, 60, 1200, 1350)
/scratch/snx3000/heimc/lmp/wd/16080100_SA_4_2/lm_coarse/lffd20160809230000.nc
(1, 60, 1200, 1350)
/scratch/snx3000/heimc/lmp/wd/16080100_SA_4_2/lm_coarse/lffd20160826150000.nc
(1, 60, 1200, 1350)
/scratch/snx3000/heimc/lmp/wd/16080100_SA_4_2/lm_coarse/lffd20160814020000.nc
(1, 60, 1200, 1350)
/scratch/snx3000/heimc/lmp/wd/16080100_SA_4_2/lm_coarse/lffd20160812190000.nc
(1, 60, 1200, 1350)
/scratch/snx3000/heimc/lmp/wd/16080100_SA_4_2/lm_coarse/lffd20160818060000.nc
(1, 60, 1200, 1350)
/scratch/snx3000/heimc/lmp/wd/16080100_SA_4_2/lm_coarse/lffd20160817090000.nc
(1, 60, 1200, 1350)
/scratch/snx3000/heimc/lmp/wd/16080100_SA_4_2/lm_coarse/lffd20160811020000.nc
(1, 60, 1200, 1350)
/scratch/snx3000/heimc/lmp/wd/16080100_SA_4_2/lm_coarse/lffd20160826020000.nc
(1, 60, 1200, 1350)
/scratch/snx3000/heimc/lmp/wd/16080100_SA_4_2/lm_coarse/lffd20160813180000.nc
(1, 60, 1200, 1350)
/scratch/snx3000/heimc/lmp/wd/16080100_SA_4_2/lm_coarse/lffd20160825120000.nc
(1, 60, 1200, 1350)
/scratch/snx3000/heimc/lmp/wd/16080100_SA_4_2/lm_coarse/lffd20160821100000.nc
(1, 60, 1200, 1350)
/scratch/snx3000/heimc/lmp/wd/16080100_SA_4_2/lm_coarse/lffd20160816060000.nc
(1, 60, 1200, 1350)
/scratch/snx3000/heimc/lmp/wd/16080100_SA_4_2/lm_coarse/lffd20160814090000.nc
(1, 60, 1200, 1350)
/scratch/snx3000/heimc/lmp/wd/16080100_SA_4_2/lm_coarse/lffd20160826040000.nc
(1, 60, 1200, 1350)
/scratch/snx3000/heimc/lmp/wd/16080100_SA_4_2/lm_coarse/lffd20160814210000.nc
(1, 60, 1200, 1350)
/scratch/snx3000/heimc/lmp/wd/16080100_SA_4_2/lm_coarse/lffd20160806040000.nc
(1, 60, 1200, 1350)
/scratch/snx3000/heimc/lmp/wd/16080100_SA_4_2/lm_coarse/lffd20160817060000.nc
(1, 60, 1200, 1350)
/scratch/snx3000/heimc/lmp/wd/16080100_SA_4_2/lm_coarse/lffd20160803160000.nc
(1, 60, 1200, 1350)
/scratch/snx3000/heimc/lmp/wd/16080100_SA_4_2/lm_coarse/lffd20160819020000.nc
(1, 60, 1200, 1350)
/scratch/snx3000/heimc/lmp/wd/16080100_SA_4_2/lm_coarse/lffd20160812150000.nc
(1, 60, 1200, 1350)
/scratch/snx3000/heimc/lmp/wd/16080100_SA_4_2/lm_coarse/lffd20160828200000.nc
(1, 60, 1200, 1350)
/scratch/snx3000/heimc/lmp/wd/16080100_SA_4_2/lm_coarse/lffd20160804220000.nc
(1, 60, 1200, 1350)
/scratch/snx3000/heimc/lmp/wd/16080100_SA_4_2/lm_coarse/lffd20160817010000.nc
(1, 60, 1200, 1350)
/scratch/snx3000/heimc/lmp/wd/16080100_SA_4_2/lm_coarse/lffd20160802200000.nc
(1, 60, 1200, 1350)
/scratch/snx3000/heimc/lmp/wd/16080100_SA_4_2/lm_coarse/lffd20160823080000.nc
(1, 60, 1200, 1350)
/scratch/snx3000/heimc/lmp/wd/16080100_SA_4_2/lm_coarse/lffd20160826230000.nc
(1, 60, 1200, 1350)
/scratch/snx3000/heimc/lmp/wd/16080100_SA_4_2/lm_coarse/lffd20160802030000.nc
(1, 60, 1200, 1350)
/scratch/snx3000/heimc/lmp/wd/16080100_SA_4_2/lm_coarse/lffd20160813210000.nc
(1, 60, 1200, 1350)
/scratch/snx3000/heimc/lmp/wd/16080100_SA_4_2/lm_coarse/lffd20160808030000.nc
(1, 60, 1200, 1350)
/scratch/snx3000/heimc/lmp/wd/16080100_SA_4_2/lm_coarse/lffd20160830070000.nc
(1, 60, 1200, 1350)
/scratch/snx3000/heimc/lmp/wd/16080100_SA_4_2/lm_coarse/lffd20160816110000.nc
(1, 60, 1200, 1350)
/scratch/snx3000/heimc/lmp/wd/16080100_SA_4_2/lm_coarse/lffd20160807120000.nc
(1, 60, 1200, 1350)
/scratch/snx3000/heimc/lmp/wd/16080100_SA_4_2/lm_coarse/lffd20160822020000.nc
(1, 60, 1200, 1350)
/scratch/snx3000/heimc/lmp/wd/16080100_SA_4_2/lm_coarse/lffd20160813050000.nc
(1, 60, 1200, 1350)
/scratch/snx3000/heimc/lmp/wd/16080100_SA_4_2/lm_coarse/lffd20160828180000.nc
(1, 60, 1200, 1350)
/scratch/snx3000/heimc/lmp/wd/16080100_SA_4_2/lm_coarse/lffd20160801180000.nc
(1, 60, 1200, 1350)
/scratch/snx3000/heimc/lmp/wd/16080100_SA_4_2/lm_coarse/lffd20160825130000.nc
(1, 60, 1200, 1350)
/scratch/snx3000/heimc/lmp/wd/16080100_SA_4_2/lm_coarse/lffd20160802130000.nc
(1, 60, 1200, 1350)
/scratch/snx3000/heimc/lmp/wd/16080100_SA_4_2/lm_coarse/lffd20160828030000.nc
(1, 60, 1200, 1350)
/scratch/snx3000/heimc/lmp/wd/16080100_SA_4_2/lm_coarse/lffd20160824210000.nc
(1, 60, 1200, 1350)
/scratch/snx3000/heimc/lmp/wd/16080100_SA_4_2/lm_coarse/lffd20160818140000.nc
(1, 60, 1200, 1350)
/scratch/snx3000/heimc/lmp/wd/16080100_SA_4_2/lm_coarse/lffd20160812090000.nc
(1, 60, 1200, 1350)
/scratch/snx3000/heimc/lmp/wd/16080100_SA_4_2/lm_coarse/lffd20160803170000.nc
(1, 60, 1200, 1350)
/scratch/snx3000/heimc/lmp/wd/16080100_SA_4_2/lm_coarse/lffd20160811090000.nc
(1, 60, 1200, 1350)
/scratch/snx3000/heimc/lmp/wd/16080100_SA_4_2/lm_coarse/lffd20160809200000.nc
(1, 60, 1200, 1350)
/scratch/snx3000/heimc/lmp/wd/16080100_SA_4_2/lm_coarse/lffd20160816030000.nc
(1, 60, 1200, 1350)
/scratch/snx3000/heimc/lmp/wd/16080100_SA_4_2/lm_coarse/lffd20160829050000.nc
(1, 60, 1200, 1350)
/scratch/snx3000/heimc/lmp/wd/16080100_SA_4_2/lm_coarse/lffd20160817120000.nc
(1, 60, 1200, 1350)
/scratch/snx3000/heimc/lmp/wd/16080100_SA_4_2/lm_coarse/lffd20160821200000.nc
(1, 60, 1200, 1350)
/scratch/snx3000/heimc/lmp/wd/16080100_SA_4_2/lm_coarse/lffd20160805010000.nc
(1, 60, 1200, 1350)
/scratch/snx3000/heimc/lmp/wd/16080100_SA_4_2/lm_coarse/lffd20160806020000.nc
(1, 60, 1200, 1350)
/scratch/snx3000/heimc/lmp/wd/16080100_SA_4_2/lm_coarse/lffd20160819010000.nc
(1, 60, 1200, 1350)
/scratch/snx3000/heimc/lmp/wd/16080100_SA_4_2/lm_coarse/lffd20160824220000.nc
(1, 60, 1200, 1350)
/scratch/snx3000/heimc/lmp/wd/16080100_SA_4_2/lm_coarse/lffd20160820010000.nc
(1, 60, 1200, 1350)
/scratch/snx3000/heimc/lmp/wd/16080100_SA_4_2/lm_coarse/lffd20160819090000.nc
(1, 60, 1200, 1350)
/scratch/snx3000/heimc/lmp/wd/16080100_SA_4_2/lm_coarse/lffd20160831100000.nc
(1, 60, 1200, 1350)
/scratch/snx3000/heimc/lmp/wd/16080100_SA_4_2/lm_coarse/lffd20160816210000.nc
(1, 60, 1200, 1350)
/scratch/snx3000/heimc/lmp/wd/16080100_SA_4_2/lm_coarse/lffd20160803050000.nc
(1, 60, 1200, 1350)
/scratch/snx3000/heimc/lmp/wd/16080100_SA_4_2/lm_coarse/lffd20160820180000.nc
(1, 60, 1200, 1350)
/scratch/snx3000/heimc/lmp/wd/16080100_SA_4_2/lm_coarse/lffd20160807140000.nc
(1, 60, 1200, 1350)
/scratch/snx3000/heimc/lmp/wd/16080100_SA_4_2/lm_coarse/lffd20160805070000.nc
(1, 60, 1200, 1350)
/scratch/snx3000/heimc/lmp/wd/16080100_SA_4_2/lm_coarse/lffd20160804090000.nc
(1, 60, 1200, 1350)
/scratch/snx3000/heimc/lmp/wd/16080100_SA_4_2/lm_coarse/lffd20160819170000.nc
(1, 60, 1200, 1350)
/scratch/snx3000/heimc/lmp/wd/16080100_SA_4_2/lm_coarse/lffd20160804030000.nc
(1, 60, 1200, 1350)
/scratch/snx3000/heimc/lmp/wd/16080100_SA_4_2/lm_coarse/lffd20160830100000.nc
(1, 60, 1200, 1350)
/scratch/snx3000/heimc/lmp/wd/16080100_SA_4_2/lm_coarse/lffd20160819050000.nc
(1, 60, 1200, 1350)
/scratch/snx3000/heimc/lmp/wd/16080100_SA_4_2/lm_coarse/lffd20160830010000.nc
(1, 60, 1200, 1350)
/scratch/snx3000/heimc/lmp/wd/16080100_SA_4_2/lm_coarse/lffd20160823170000.nc
(1, 60, 1200, 1350)
/scratch/snx3000/heimc/lmp/wd/16080100_SA_4_2/lm_coarse/lffd20160805130000.nc
(1, 60, 1200, 1350)
/scratch/snx3000/heimc/lmp/wd/16080100_SA_4_2/lm_coarse/lffd20160807040000.nc
(1, 60, 1200, 1350)
/scratch/snx3000/heimc/lmp/wd/16080100_SA_4_2/lm_coarse/lffd20160805210000.nc
(1, 60, 1200, 1350)
/scratch/snx3000/heimc/lmp/wd/16080100_SA_4_2/lm_coarse/lffd20160825160000.nc
(1, 60, 1200, 1350)
/scratch/snx3000/heimc/lmp/wd/16080100_SA_4_2/lm_coarse/lffd20160809040000.nc
(1, 60, 1200, 1350)
/scratch/snx3000/heimc/lmp/wd/16080100_SA_4_2/lm_coarse/lffd20160802230000.nc
(1, 60, 1200, 1350)
/scratch/snx3000/heimc/lmp/wd/16080100_SA_4_2/lm_coarse/lffd20160803150000.nc
(1, 60, 1200, 1350)
/scratch/snx3000/heimc/lmp/wd/16080100_SA_4_2/lm_coarse/lffd20160808040000.nc
(1, 60, 1200, 1350)
/scratch/snx3000/heimc/lmp/wd/16080100_SA_4_2/lm_coarse/lffd20160817160000.nc
(1, 60, 1200, 1350)
/scratch/snx3000/heimc/lmp/wd/16080100_SA_4_2/lm_coarse/lffd20160816000000.nc
(1, 60, 1200, 1350)
/scratch/snx3000/heimc/lmp/wd/16080100_SA_4_2/lm_coarse/lffd20160818100000.nc
(1, 60, 1200, 1350)
/scratch/snx3000/heimc/lmp/wd/16080100_SA_4_2/lm_coarse/lffd20160829010000.nc
(1, 60, 1200, 1350)
/scratch/snx3000/heimc/lmp/wd/16080100_SA_4_2/lm_coarse/lffd20160822180000.nc
(1, 60, 1200, 1350)
/scratch/snx3000/heimc/lmp/wd/16080100_SA_4_2/lm_coarse/lffd20160824080000.nc
(1, 60, 1200, 1350)
/scratch/snx3000/heimc/lmp/wd/16080100_SA_4_2/lm_coarse/lffd20160804180000.nc
(1, 60, 1200, 1350)
/scratch/snx3000/heimc/lmp/wd/16080100_SA_4_2/lm_coarse/lffd20160823000000.nc
(1, 60, 1200, 1350)
/scratch/snx3000/heimc/lmp/wd/16080100_SA_4_2/lm_coarse/lffd20160811100000.nc
(1, 60, 1200, 1350)
/scratch/snx3000/heimc/lmp/wd/16080100_SA_4_2/lm_coarse/lffd20160815020000.nc
(1, 60, 1200, 1350)
/scratch/snx3000/heimc/lmp/wd/16080100_SA_4_2/lm_coarse/lffd20160812010000.nc
(1, 60, 1200, 1350)
/scratch/snx3000/heimc/lmp/wd/16080100_SA_4_2/lm_coarse/lffd20160822160000.nc
(1, 60, 1200, 1350)
/scratch/snx3000/heimc/lmp/wd/16080100_SA_4_2/lm_coarse/lffd20160818070000.nc
(1, 60, 1200, 1350)
/scratch/snx3000/heimc/lmp/wd/16080100_SA_4_2/lm_coarse/lffd20160823030000.nc
(1, 60, 1200, 1350)
/scratch/snx3000/heimc/lmp/wd/16080100_SA_4_2/lm_coarse/lffd20160801100000.nc
(1, 60, 1200, 1350)
/scratch/snx3000/heimc/lmp/wd/16080100_SA_4_2/lm_coarse/lffd20160809030000.nc
(1, 60, 1200, 1350)
/scratch/snx3000/heimc/lmp/wd/16080100_SA_4_2/lm_coarse/lffd20160807170000.nc
(1, 60, 1200, 1350)
/scratch/snx3000/heimc/lmp/wd/16080100_SA_4_2/lm_coarse/lffd20160831180000.nc
(1, 60, 1200, 1350)
/scratch/snx3000/heimc/lmp/wd/16080100_SA_4_2/lm_coarse/lffd20160814110000.nc
(1, 60, 1200, 1350)
/scratch/snx3000/heimc/lmp/wd/16080100_SA_4_2/lm_coarse/lffd20160817030000.nc
(1, 60, 1200, 1350)
/scratch/snx3000/heimc/lmp/wd/16080100_SA_4_2/lm_coarse/lffd20160808200000.nc
(1, 60, 1200, 1350)
/scratch/snx3000/heimc/lmp/wd/16080100_SA_4_2/lm_coarse/lffd20160819110000.nc
(1, 60, 1200, 1350)
/scratch/snx3000/heimc/lmp/wd/16080100_SA_4_2/lm_coarse/lffd20160822150000.nc
(1, 60, 1200, 1350)
/scratch/snx3000/heimc/lmp/wd/16080100_SA_4_2/lm_coarse/lffd20160827010000.nc
(1, 60, 1200, 1350)
/scratch/snx3000/heimc/lmp/wd/16080100_SA_4_2/lm_coarse/lffd20160816180000.nc
(1, 60, 1200, 1350)
/scratch/snx3000/heimc/lmp/wd/16080100_SA_4_2/lm_coarse/lffd20160825220000.nc
(1, 60, 1200, 1350)
/scratch/snx3000/heimc/lmp/wd/16080100_SA_4_2/lm_coarse/lffd20160815200000.nc
(1, 60, 1200, 1350)
/scratch/snx3000/heimc/lmp/wd/16080100_SA_4_2/lm_coarse/lffd20160827060000.nc
(1, 60, 1200, 1350)
/scratch/snx3000/heimc/lmp/wd/16080100_SA_4_2/lm_coarse/lffd20160805040000.nc
(1, 60, 1200, 1350)
/scratch/snx3000/heimc/lmp/wd/16080100_SA_4_2/lm_coarse/lffd20160801080000.nc
(1, 60, 1200, 1350)
/scratch/snx3000/heimc/lmp/wd/16080100_SA_4_2/lm_coarse/lffd20160803010000.nc
(1, 60, 1200, 1350)
/scratch/snx3000/heimc/lmp/wd/16080100_SA_4_2/lm_coarse/lffd20160820100000.nc
(1, 60, 1200, 1350)
/scratch/snx3000/heimc/lmp/wd/16080100_SA_4_2/lm_coarse/lffd20160826050000.nc
(1, 60, 1200, 1350)
/scratch/snx3000/heimc/lmp/wd/16080100_SA_4_2/lm_coarse/lffd20160807080000.nc
(1, 60, 1200, 1350)
/scratch/snx3000/heimc/lmp/wd/16080100_SA_4_2/lm_coarse/lffd20160807230000.nc
(1, 60, 1200, 1350)
/scratch/snx3000/heimc/lmp/wd/16080100_SA_4_2/lm_coarse/lffd20160805160000.nc
(1, 60, 1200, 1350)
/scratch/snx3000/heimc/lmp/wd/16080100_SA_4_2/lm_coarse/lffd20160820200000.nc
(1, 60, 1200, 1350)
/scratch/snx3000/heimc/lmp/wd/16080100_SA_4_2/lm_coarse/lffd20160807130000.nc
(1, 60, 1200, 1350)
/scratch/snx3000/heimc/lmp/wd/16080100_SA_4_2/lm_coarse/lffd20160815140000.nc
(1, 60, 1200, 1350)
/scratch/snx3000/heimc/lmp/wd/16080100_SA_4_2/lm_coarse/lffd20160809210000.nc
(1, 60, 1200, 1350)
/scratch/snx3000/heimc/lmp/wd/16080100_SA_4_2/lm_coarse/lffd20160830190000.nc
(1, 60, 1200, 1350)
/scratch/snx3000/heimc/lmp/wd/16080100_SA_4_2/lm_coarse/lffd20160827150000.nc
(1, 60, 1200, 1350)
/scratch/snx3000/heimc/lmp/wd/16080100_SA_4_2/lm_coarse/lffd20160807010000.nc
(1, 60, 1200, 1350)
/scratch/snx3000/heimc/lmp/wd/16080100_SA_4_2/lm_coarse/lffd20160828190000.nc
(1, 60, 1200, 1350)
/scratch/snx3000/heimc/lmp/wd/16080100_SA_4_2/lm_coarse/lffd20160811140000.nc
(1, 60, 1200, 1350)
/scratch/snx3000/heimc/lmp/wd/16080100_SA_4_2/lm_coarse/lffd20160804170000.nc
(1, 60, 1200, 1350)
/scratch/snx3000/heimc/lmp/wd/16080100_SA_4_2/lm_coarse/lffd20160824150000.nc
(1, 60, 1200, 1350)
/scratch/snx3000/heimc/lmp/wd/16080100_SA_4_2/lm_coarse/lffd20160819120000.nc
(1, 60, 1200, 1350)
/scratch/snx3000/heimc/lmp/wd/16080100_SA_4_2/lm_coarse/lffd20160803190000.nc
(1, 60, 1200, 1350)
/scratch/snx3000/heimc/lmp/wd/16080100_SA_4_2/lm_coarse/lffd20160825150000.nc
(1, 60, 1200, 1350)
/scratch/snx3000/heimc/lmp/wd/16080100_SA_4_2/lm_coarse/lffd20160813030000.nc
(1, 60, 1200, 1350)
/scratch/snx3000/heimc/lmp/wd/16080100_SA_4_2/lm_coarse/lffd20160820110000.nc
(1, 60, 1200, 1350)
/scratch/snx3000/heimc/lmp/wd/16080100_SA_4_2/lm_coarse/lffd20160827120000.nc
(1, 60, 1200, 1350)
/scratch/snx3000/heimc/lmp/wd/16080100_SA_4_2/lm_coarse/lffd20160826000000.nc
(1, 60, 1200, 1350)
/scratch/snx3000/heimc/lmp/wd/16080100_SA_4_2/lm_coarse/lffd20160815050000.nc
(1, 60, 1200, 1350)
/scratch/snx3000/heimc/lmp/wd/16080100_SA_4_2/lm_coarse/lffd20160826200000.nc
(1, 60, 1200, 1350)
/scratch/snx3000/heimc/lmp/wd/16080100_SA_4_2/lm_coarse/lffd20160821110000.nc
(1, 60, 1200, 1350)
/scratch/snx3000/heimc/lmp/wd/16080100_SA_4_2/lm_coarse/lffd20160818120000.nc
(1, 60, 1200, 1350)
/scratch/snx3000/heimc/lmp/wd/16080100_SA_4_2/lm_coarse/lffd20160813000000.nc
(1, 60, 1200, 1350)
/scratch/snx3000/heimc/lmp/wd/16080100_SA_4_2/lm_coarse/lffd20160821140000.nc
(1, 60, 1200, 1350)
/scratch/snx3000/heimc/lmp/wd/16080100_SA_4_2/lm_coarse/lffd20160819070000.nc
(1, 60, 1200, 1350)
/scratch/snx3000/heimc/lmp/wd/16080100_SA_4_2/lm_coarse/lffd20160804140000.nc
(1, 60, 1200, 1350)
/scratch/snx3000/heimc/lmp/wd/16080100_SA_4_2/lm_coarse/lffd20160803140000.nc
(1, 60, 1200, 1350)
/scratch/snx3000/heimc/lmp/wd/16080100_SA_4_2/lm_coarse/lffd20160828080000.nc
(1, 60, 1200, 1350)
/scratch/snx3000/heimc/lmp/wd/16080100_SA_4_2/lm_coarse/lffd20160820080000.nc
(1, 60, 1200, 1350)
/scratch/snx3000/heimc/lmp/wd/16080100_SA_4_2/lm_coarse/lffd20160816140000.nc
(1, 60, 1200, 1350)
/scratch/snx3000/heimc/lmp/wd/16080100_SA_4_2/lm_coarse/lffd20160808100000.nc
(1, 60, 1200, 1350)
/scratch/snx3000/heimc/lmp/wd/16080100_SA_4_2/lm_coarse/lffd20160809050000.nc
(1, 60, 1200, 1350)
/scratch/snx3000/heimc/lmp/wd/16080100_SA_4_2/lm_coarse/lffd20160808220000.nc
(1, 60, 1200, 1350)
/scratch/snx3000/heimc/lmp/wd/16080100_SA_4_2/lm_coarse/lffd20160802120000.nc
(1, 60, 1200, 1350)
/scratch/snx3000/heimc/lmp/wd/16080100_SA_4_2/lm_coarse/lffd20160827220000.nc
(1, 60, 1200, 1350)
/scratch/snx3000/heimc/lmp/wd/16080100_SA_4_2/lm_coarse/lffd20160814060000.nc
(1, 60, 1200, 1350)
/scratch/snx3000/heimc/lmp/wd/16080100_SA_4_2/lm_coarse/lffd20160831080000.nc
(1, 60, 1200, 1350)
/scratch/snx3000/heimc/lmp/wd/16080100_SA_4_2/lm_coarse/lffd20160804060000.nc
(1, 60, 1200, 1350)
/scratch/snx3000/heimc/lmp/wd/16080100_SA_4_2/lm_coarse/lffd20160830170000.nc
(1, 60, 1200, 1350)
/scratch/snx3000/heimc/lmp/wd/16080100_SA_4_2/lm_coarse/lffd20160831030000.nc
(1, 60, 1200, 1350)
/scratch/snx3000/heimc/lmp/wd/16080100_SA_4_2/lm_coarse/lffd20160803070000.nc
(1, 60, 1200, 1350)
/scratch/snx3000/heimc/lmp/wd/16080100_SA_4_2/lm_coarse/lffd20160802190000.nc
(1, 60, 1200, 1350)
/scratch/snx3000/heimc/lmp/wd/16080100_SA_4_2/lm_coarse/lffd20160823010000.nc
(1, 60, 1200, 1350)
/scratch/snx3000/heimc/lmp/wd/16080100_SA_4_2/lm_coarse/lffd20160809010000.nc
(1, 60, 1200, 1350)
/scratch/snx3000/heimc/lmp/wd/16080100_SA_4_2/lm_coarse/lffd20160826220000.nc
(1, 60, 1200, 1350)
/scratch/snx3000/heimc/lmp/wd/16080100_SA_4_2/lm_coarse/lffd20160814040000.nc
(1, 60, 1200, 1350)
/scratch/snx3000/heimc/lmp/wd/16080100_SA_4_2/lm_coarse/lffd20160806220000.nc
(1, 60, 1200, 1350)
/scratch/snx3000/heimc/lmp/wd/16080100_SA_4_2/lm_coarse/lffd20160810200000.nc
(1, 60, 1200, 1350)
/scratch/snx3000/heimc/lmp/wd/16080100_SA_4_2/lm_coarse/lffd20160826190000.nc
(1, 60, 1200, 1350)
/scratch/snx3000/heimc/lmp/wd/16080100_SA_4_2/lm_coarse/lffd20160815070000.nc
(1, 60, 1200, 1350)
/scratch/snx3000/heimc/lmp/wd/16080100_SA_4_2/lm_coarse/lffd20160802210000.nc
(1, 60, 1200, 1350)
/scratch/snx3000/heimc/lmp/wd/16080100_SA_4_2/lm_coarse/lffd20160823160000.nc
(1, 60, 1200, 1350)
/scratch/snx3000/heimc/lmp/wd/16080100_SA_4_2/lm_coarse/lffd20160819030000.nc
(1, 60, 1200, 1350)
/scratch/snx3000/heimc/lmp/wd/16080100_SA_4_2/lm_coarse/lffd20160818230000.nc
(1, 60, 1200, 1350)
/scratch/snx3000/heimc/lmp/wd/16080100_SA_4_2/lm_coarse/lffd20160806200000.nc
(1, 60, 1200, 1350)
/scratch/snx3000/heimc/lmp/wd/16080100_SA_4_2/lm_coarse/lffd20160816100000.nc
(1, 60, 1200, 1350)
/scratch/snx3000/heimc/lmp/wd/16080100_SA_4_2/lm_coarse/lffd20160804210000.nc
(1, 60, 1200, 1350)
/scratch/snx3000/heimc/lmp/wd/16080100_SA_4_2/lm_coarse/lffd20160808010000.nc
(1, 60, 1200, 1350)
/scratch/snx3000/heimc/lmp/wd/16080100_SA_4_2/lm_coarse/lffd20160828050000.nc
(1, 60, 1200, 1350)
/scratch/snx3000/heimc/lmp/wd/16080100_SA_4_2/lm_coarse/lffd20160824060000.nc
(1, 60, 1200, 1350)
/scratch/snx3000/heimc/lmp/wd/16080100_SA_4_2/lm_coarse/lffd20160817040000.nc
(1, 60, 1200, 1350)
/scratch/snx3000/heimc/lmp/wd/16080100_SA_4_2/lm_coarse/lffd20160802080000.nc
(1, 60, 1200, 1350)
/scratch/snx3000/heimc/lmp/wd/16080100_SA_4_2/lm_coarse/lffd20160815000000.nc
(1, 60, 1200, 1350)
/scratch/snx3000/heimc/lmp/wd/16080100_SA_4_2/lm_coarse/lffd20160809000000.nc
(1, 60, 1200, 1350)
/scratch/snx3000/heimc/lmp/wd/16080100_SA_4_2/lm_coarse/lffd20160826070000.nc
(1, 60, 1200, 1350)
/scratch/snx3000/heimc/lmp/wd/16080100_SA_4_2/lm_coarse/lffd20160801140000.nc
(1, 60, 1200, 1350)
/scratch/snx3000/heimc/lmp/wd/16080100_SA_4_2/lm_coarse/lffd20160826170000.nc
(1, 60, 1200, 1350)
/scratch/snx3000/heimc/lmp/wd/16080100_SA_4_2/lm_coarse/lffd20160806050000.nc
(1, 60, 1200, 1350)
/scratch/snx3000/heimc/lmp/wd/16080100_SA_4_2/lm_coarse/lffd20160808050000.nc
(1, 60, 1200, 1350)
/scratch/snx3000/heimc/lmp/wd/16080100_SA_4_2/lm_coarse/lffd20160827030000.nc
(1, 60, 1200, 1350)
/scratch/snx3000/heimc/lmp/wd/16080100_SA_4_2/lm_coarse/lffd20160826080000.nc
(1, 60, 1200, 1350)
/scratch/snx3000/heimc/lmp/wd/16080100_SA_4_2/lm_coarse/lffd20160827160000.nc
(1, 60, 1200, 1350)
/scratch/snx3000/heimc/lmp/wd/16080100_SA_4_2/lm_coarse/lffd20160811200000.nc
(1, 60, 1200, 1350)
/scratch/snx3000/heimc/lmp/wd/16080100_SA_4_2/lm_coarse/lffd20160805190000.nc
(1, 60, 1200, 1350)
/scratch/snx3000/heimc/lmp/wd/16080100_SA_4_2/lm_coarse/lffd20160816120000.nc
(1, 60, 1200, 1350)
/scratch/snx3000/heimc/lmp/wd/16080100_SA_4_2/lm_coarse/lffd20160827180000.nc
(1, 60, 1200, 1350)
/scratch/snx3000/heimc/lmp/wd/16080100_SA_4_2/lm_coarse/lffd20160811050000.nc
(1, 60, 1200, 1350)
/scratch/snx3000/heimc/lmp/wd/16080100_SA_4_2/lm_coarse/lffd20160811040000.nc
(1, 60, 1200, 1350)
/scratch/snx3000/heimc/lmp/wd/16080100_SA_4_2/lm_coarse/lffd20160802090000.nc
(1, 60, 1200, 1350)
/scratch/snx3000/heimc/lmp/wd/16080100_SA_4_2/lm_coarse/lffd20160828160000.nc
(1, 60, 1200, 1350)
/scratch/snx3000/heimc/lmp/wd/16080100_SA_4_2/lm_coarse/lffd20160812220000.nc
(1, 60, 1200, 1350)
/scratch/snx3000/heimc/lmp/wd/16080100_SA_4_2/lm_coarse/lffd20160823060000.nc
(1, 60, 1200, 1350)
/scratch/snx3000/heimc/lmp/wd/16080100_SA_4_2/lm_coarse/lffd20160830040000.nc
(1, 60, 1200, 1350)
/scratch/snx3000/heimc/lmp/wd/16080100_SA_4_2/lm_coarse/lffd20160814230000.nc
(1, 60, 1200, 1350)
/scratch/snx3000/heimc/lmp/wd/16080100_SA_4_2/lm_coarse/lffd20160828100000.nc
(1, 60, 1200, 1350)
/scratch/snx3000/heimc/lmp/wd/16080100_SA_4_2/lm_coarse/lffd20160829070000.nc
(1, 60, 1200, 1350)
/scratch/snx3000/heimc/lmp/wd/16080100_SA_4_2/lm_coarse/lffd20160801000000.nc
(1, 60, 1200, 1350)
/scratch/snx3000/heimc/lmp/wd/16080100_SA_4_2/lm_coarse/lffd20160806180000.nc
(1, 60, 1200, 1350)
/scratch/snx3000/heimc/lmp/wd/16080100_SA_4_2/lm_coarse/lffd20160830110000.nc
(1, 60, 1200, 1350)
/scratch/snx3000/heimc/lmp/wd/16080100_SA_4_2/lm_coarse/lffd20160804070000.nc
(1, 60, 1200, 1350)
/scratch/snx3000/heimc/lmp/wd/16080100_SA_4_2/lm_coarse/lffd20160824130000.nc
(1, 60, 1200, 1350)
/scratch/snx3000/heimc/lmp/wd/16080100_SA_4_2/lm_coarse/lffd20160818090000.nc
(1, 60, 1200, 1350)
/scratch/snx3000/heimc/lmp/wd/16080100_SA_4_2/lm_coarse/lffd20160802060000.nc
(1, 60, 1200, 1350)
/scratch/snx3000/heimc/lmp/wd/16080100_SA_4_2/lm_coarse/lffd20160809180000.nc
(1, 60, 1200, 1350)
/scratch/snx3000/heimc/lmp/wd/16080100_SA_4_2/lm_coarse/lffd20160829210000.nc
(1, 60, 1200, 1350)
/scratch/snx3000/heimc/lmp/wd/16080100_SA_4_2/lm_coarse/lffd20160814100000.nc
(1, 60, 1200, 1350)
/scratch/snx3000/heimc/lmp/wd/16080100_SA_4_2/lm_coarse/lffd20160830150000.nc
(1, 60, 1200, 1350)
/scratch/snx3000/heimc/lmp/wd/16080100_SA_4_2/lm_coarse/lffd20160812050000.nc
(1, 60, 1200, 1350)
/scratch/snx3000/heimc/lmp/wd/16080100_SA_4_2/lm_coarse/lffd20160813190000.nc
(1, 60, 1200, 1350)
/scratch/snx3000/heimc/lmp/wd/16080100_SA_4_2/lm_coarse/lffd20160820030000.nc
(1, 60, 1200, 1350)
/scratch/snx3000/heimc/lmp/wd/16080100_SA_4_2/lm_coarse/lffd20160827080000.nc
(1, 60, 1200, 1350)
/scratch/snx3000/heimc/lmp/wd/16080100_SA_4_2/lm_coarse/lffd20160828090000.nc
(1, 60, 1200, 1350)
/scratch/snx3000/heimc/lmp/wd/16080100_SA_4_2/lm_coarse/lffd20160818190000.nc
(1, 60, 1200, 1350)
/scratch/snx3000/heimc/lmp/wd/16080100_SA_4_2/lm_coarse/lffd20160810080000.nc
(1, 60, 1200, 1350)
/scratch/snx3000/heimc/lmp/wd/16080100_SA_4_2/lm_coarse/lffd20160801020000.nc
(1, 60, 1200, 1350)
/scratch/snx3000/heimc/lmp/wd/16080100_SA_4_2/lm_coarse/lffd20160825200000.nc
(1, 60, 1200, 1350)
/scratch/snx3000/heimc/lmp/wd/16080100_SA_4_2/lm_coarse/lffd20160801070000.nc
(1, 60, 1200, 1350)
/scratch/snx3000/heimc/lmp/wd/16080100_SA_4_2/lm_coarse/lffd20160828230000.nc
(1, 60, 1200, 1350)
/scratch/snx3000/heimc/lmp/wd/16080100_SA_4_2/lm_coarse/lffd20160809090000.nc
(1, 60, 1200, 1350)
/scratch/snx3000/heimc/lmp/wd/16080100_SA_4_2/lm_coarse/lffd20160825010000.nc
(1, 60, 1200, 1350)
/scratch/snx3000/heimc/lmp/wd/16080100_SA_4_2/lm_coarse/lffd20160826160000.nc
(1, 60, 1200, 1350)
/scratch/snx3000/heimc/lmp/wd/16080100_SA_4_2/lm_coarse/lffd20160812040000.nc
(1, 60, 1200, 1350)
/scratch/snx3000/heimc/lmp/wd/16080100_SA_4_2/lm_coarse/lffd20160817000000.nc
(1, 60, 1200, 1350)
/scratch/snx3000/heimc/lmp/wd/16080100_SA_4_2/lm_coarse/lffd20160813150000.nc
(1, 60, 1200, 1350)
/scratch/snx3000/heimc/lmp/wd/16080100_SA_4_2/lm_coarse/lffd20160830090000.nc
(1, 60, 1200, 1350)
/scratch/snx3000/heimc/lmp/wd/16080100_SA_4_2/lm_coarse/lffd20160808150000.nc
(1, 60, 1200, 1350)
/scratch/snx3000/heimc/lmp/wd/16080100_SA_4_2/lm_coarse/lffd20160820050000.nc
(1, 60, 1200, 1350)
/scratch/snx3000/heimc/lmp/wd/16080100_SA_4_2/lm_coarse/lffd20160827170000.nc
(1, 60, 1200, 1350)
/scratch/snx3000/heimc/lmp/wd/16080100_SA_4_2/lm_coarse/lffd20160806120000.nc
(1, 60, 1200, 1350)
/scratch/snx3000/heimc/lmp/wd/16080100_SA_4_2/lm_coarse/lffd20160815230000.nc
(1, 60, 1200, 1350)
/scratch/snx3000/heimc/lmp/wd/16080100_SA_4_2/lm_coarse/lffd20160812100000.nc
(1, 60, 1200, 1350)
/scratch/snx3000/heimc/lmp/wd/16080100_SA_4_2/lm_coarse/lffd20160829000000.nc
(1, 60, 1200, 1350)
/scratch/snx3000/heimc/lmp/wd/16080100_SA_4_2/lm_coarse/lffd20160821040000.nc
(1, 60, 1200, 1350)
/scratch/snx3000/heimc/lmp/wd/16080100_SA_4_2/lm_coarse/lffd20160803000000.nc
(1, 60, 1200, 1350)
/scratch/snx3000/heimc/lmp/wd/16080100_SA_4_2/lm_coarse/lffd20160821030000.nc
(1, 60, 1200, 1350)
/scratch/snx3000/heimc/lmp/wd/16080100_SA_4_2/lm_coarse/lffd20160819200000.nc
(1, 60, 1200, 1350)
/scratch/snx3000/heimc/lmp/wd/16080100_SA_4_2/lm_coarse/lffd20160811150000.nc
(1, 60, 1200, 1350)
/scratch/snx3000/heimc/lmp/wd/16080100_SA_4_2/lm_coarse/lffd20160817190000.nc
(1, 60, 1200, 1350)
/scratch/snx3000/heimc/lmp/wd/16080100_SA_4_2/lm_coarse/lffd20160821010000.nc
(1, 60, 1200, 1350)
/scratch/snx3000/heimc/lmp/wd/16080100_SA_4_2/lm_coarse/lffd20160814080000.nc
(1, 60, 1200, 1350)
/scratch/snx3000/heimc/lmp/wd/16080100_SA_4_2/lm_coarse/lffd20160824090000.nc
(1, 60, 1200, 1350)
/scratch/snx3000/heimc/lmp/wd/16080100_SA_4_2/lm_coarse/lffd20160829190000.nc
(1, 60, 1200, 1350)
/scratch/snx3000/heimc/lmp/wd/16080100_SA_4_2/lm_coarse/lffd20160831200000.nc
(1, 60, 1200, 1350)
/scratch/snx3000/heimc/lmp/wd/16080100_SA_4_2/lm_coarse/lffd20160803040000.nc
(1, 60, 1200, 1350)
/scratch/snx3000/heimc/lmp/wd/16080100_SA_4_2/lm_coarse/lffd20160813010000.nc
(1, 60, 1200, 1350)
/scratch/snx3000/heimc/lmp/wd/16080100_SA_4_2/lm_coarse/lffd20160809120000.nc
(1, 60, 1200, 1350)
/scratch/snx3000/heimc/lmp/wd/16080100_SA_4_2/lm_coarse/lffd20160831120000.nc
(1, 60, 1200, 1350)
/scratch/snx3000/heimc/lmp/wd/16080100_SA_4_2/lm_coarse/lffd20160813170000.nc
(1, 60, 1200, 1350)
/scratch/snx3000/heimc/lmp/wd/16080100_SA_4_2/lm_coarse/lffd20160814030000.nc
(1, 60, 1200, 1350)
/scratch/snx3000/heimc/lmp/wd/16080100_SA_4_2/lm_coarse/lffd20160818170000.nc
(1, 60, 1200, 1350)
/scratch/snx3000/heimc/lmp/wd/16080100_SA_4_2/lm_coarse/lffd20160812200000.nc
(1, 60, 1200, 1350)
/scratch/snx3000/heimc/lmp/wd/16080100_SA_4_2/lm_coarse/lffd20160805220000.nc
(1, 60, 1200, 1350)
/scratch/snx3000/heimc/lmp/wd/16080100_SA_4_2/lm_coarse/lffd20160805100000.nc
(1, 60, 1200, 1350)
/scratch/snx3000/heimc/lmp/wd/16080100_SA_4_2/lm_coarse/lffd20160805080000.nc
(1, 60, 1200, 1350)
/scratch/snx3000/heimc/lmp/wd/16080100_SA_4_2/lm_coarse/lffd20160818020000.nc
(1, 60, 1200, 1350)
/scratch/snx3000/heimc/lmp/wd/16080100_SA_4_2/lm_coarse/lffd20160803030000.nc
(1, 60, 1200, 1350)
/scratch/snx3000/heimc/lmp/wd/16080100_SA_4_2/lm_coarse/lffd20160820000000.nc
(1, 60, 1200, 1350)
/scratch/snx3000/heimc/lmp/wd/16080100_SA_4_2/lm_coarse/lffd20160817050000.nc
(1, 60, 1200, 1350)
/scratch/snx3000/heimc/lmp/wd/16080100_SA_4_2/lm_coarse/lffd20160817150000.nc
(1, 60, 1200, 1350)
/scratch/snx3000/heimc/lmp/wd/16080100_SA_4_2/lm_coarse/lffd20160818010000.nc
(1, 60, 1200, 1350)
/scratch/snx3000/heimc/lmp/wd/16080100_SA_4_2/lm_coarse/lffd20160815030000.nc
(1, 60, 1200, 1350)
/scratch/snx3000/heimc/lmp/wd/16080100_SA_4_2/lm_coarse/lffd20160804130000.nc
(1, 60, 1200, 1350)
/scratch/snx3000/heimc/lmp/wd/16080100_SA_4_2/lm_coarse/lffd20160813060000.nc
(1, 60, 1200, 1350)
/scratch/snx3000/heimc/lmp/wd/16080100_SA_4_2/lm_coarse/lffd20160826210000.nc
(1, 60, 1200, 1350)
/scratch/snx3000/heimc/lmp/wd/16080100_SA_4_2/lm_coarse/lffd20160820220000.nc
(1, 60, 1200, 1350)
/scratch/snx3000/heimc/lmp/wd/16080100_SA_4_2/lm_coarse/lffd20160808180000.nc
(1, 60, 1200, 1350)
/scratch/snx3000/heimc/lmp/wd/16080100_SA_4_2/lm_coarse/lffd20160805120000.nc
(1, 60, 1200, 1350)
/scratch/snx3000/heimc/lmp/wd/16080100_SA_4_2/lm_coarse/lffd20160817230000.nc
(1, 60, 1200, 1350)
/scratch/snx3000/heimc/lmp/wd/16080100_SA_4_2/lm_coarse/lffd20160829090000.nc
(1, 60, 1200, 1350)
/scratch/snx3000/heimc/lmp/wd/16080100_SA_4_2/lm_coarse/lffd20160804190000.nc
(1, 60, 1200, 1350)
/scratch/snx3000/heimc/lmp/wd/16080100_SA_4_2/lm_coarse/lffd20160823210000.nc
(1, 60, 1200, 1350)
/scratch/snx3000/heimc/lmp/wd/16080100_SA_4_2/lm_coarse/lffd20160813130000.nc
(1, 60, 1200, 1350)
/scratch/snx3000/heimc/lmp/wd/16080100_SA_4_2/lm_coarse/lffd20160815120000.nc
(1, 60, 1200, 1350)
/scratch/snx3000/heimc/lmp/wd/16080100_SA_4_2/lm_coarse/lffd20160818130000.nc
(1, 60, 1200, 1350)
/scratch/snx3000/heimc/lmp/wd/16080100_SA_4_2/lm_coarse/lffd20160810220000.nc
(1, 60, 1200, 1350)
/scratch/snx3000/heimc/lmp/wd/16080100_SA_4_2/lm_coarse/lffd20160828130000.nc
(1, 60, 1200, 1350)
/scratch/snx3000/heimc/lmp/wd/16080100_SA_4_2/lm_coarse/lffd20160818050000.nc
(1, 60, 1200, 1350)
/scratch/snx3000/heimc/lmp/wd/16080100_SA_4_2/lm_coarse/lffd20160822000000.nc
(1, 60, 1200, 1350)
/scratch/snx3000/heimc/lmp/wd/16080100_SA_4_2/lm_coarse/lffd20160821060000.nc
(1, 60, 1200, 1350)
/scratch/snx3000/heimc/lmp/wd/16080100_SA_4_2/lm_coarse/lffd20160813070000.nc
(1, 60, 1200, 1350)
/scratch/snx3000/heimc/lmp/wd/16080100_SA_4_2/lm_coarse/lffd20160823130000.nc
(1, 60, 1200, 1350)
/scratch/snx3000/heimc/lmp/wd/16080100_SA_4_2/lm_coarse/lffd20160831230000.nc
(1, 60, 1200, 1350)
/scratch/snx3000/heimc/lmp/wd/16080100_SA_4_2/lm_coarse/lffd20160805060000.nc
(1, 60, 1200, 1350)
/scratch/snx3000/heimc/lmp/wd/16080100_SA_4_2/lm_coarse/lffd20160830230000.nc
(1, 60, 1200, 1350)
/scratch/snx3000/heimc/lmp/wd/16080100_SA_4_2/lm_coarse/lffd20160814000000.nc
(1, 60, 1200, 1350)
/scratch/snx3000/heimc/lmp/wd/16080100_SA_4_2/lm_coarse/lffd20160806190000.nc
(1, 60, 1200, 1350)
/scratch/snx3000/heimc/lmp/wd/16080100_SA_4_2/lm_coarse/lffd20160807060000.nc
(1, 60, 1200, 1350)
/scratch/snx3000/heimc/lmp/wd/16080100_SA_4_2/lm_coarse/lffd20160808140000.nc
(1, 60, 1200, 1350)
/scratch/snx3000/heimc/lmp/wd/16080100_SA_4_2/lm_coarse/lffd20160823110000.nc
(1, 60, 1200, 1350)
/scratch/snx3000/heimc/lmp/wd/16080100_SA_4_2/lm_coarse/lffd20160811220000.nc
(1, 60, 1200, 1350)
/scratch/snx3000/heimc/lmp/wd/16080100_SA_4_2/lm_coarse/lffd20160821070000.nc
(1, 60, 1200, 1350)
/scratch/snx3000/heimc/lmp/wd/16080100_SA_4_2/lm_coarse/lffd20160815190000.nc
(1, 60, 1200, 1350)
/scratch/snx3000/heimc/lmp/wd/16080100_SA_4_2/lm_coarse/lffd20160824140000.nc
(1, 60, 1200, 1350)
/scratch/snx3000/heimc/lmp/wd/16080100_SA_4_2/lm_coarse/lffd20160819230000.nc
(1, 60, 1200, 1350)
/scratch/snx3000/heimc/lmp/wd/16080100_SA_4_2/lm_coarse/lffd20160828060000.nc
(1, 60, 1200, 1350)
/scratch/snx3000/heimc/lmp/wd/16080100_SA_4_2/lm_coarse/lffd20160827190000.nc
(1, 60, 1200, 1350)
/scratch/snx3000/heimc/lmp/wd/16080100_SA_4_2/lm_coarse/lffd20160806080000.nc
(1, 60, 1200, 1350)
/scratch/snx3000/heimc/lmp/wd/16080100_SA_4_2/lm_coarse/lffd20160823040000.nc
(1, 60, 1200, 1350)
/scratch/snx3000/heimc/lmp/wd/16080100_SA_4_2/lm_coarse/lffd20160801110000.nc
(1, 60, 1200, 1350)
/scratch/snx3000/heimc/lmp/wd/16080100_SA_4_2/lm_coarse/lffd20160809110000.nc
(1, 60, 1200, 1350)
/scratch/snx3000/heimc/lmp/wd/16080100_SA_4_2/lm_coarse/lffd20160806150000.nc
(1, 60, 1200, 1350)
/scratch/snx3000/heimc/lmp/wd/16080100_SA_4_2/lm_coarse/lffd20160814220000.nc
(1, 60, 1200, 1350)
/scratch/snx3000/heimc/lmp/wd/16080100_SA_4_2/lm_coarse/lffd20160830180000.nc
(1, 60, 1200, 1350)
/scratch/snx3000/heimc/lmp/wd/16080100_SA_4_2/lm_coarse/lffd20160822030000.nc
(1, 60, 1200, 1350)
/scratch/snx3000/heimc/lmp/wd/16080100_SA_4_2/lm_coarse/lffd20160816070000.nc
(1, 60, 1200, 1350)
/scratch/snx3000/heimc/lmp/wd/16080100_SA_4_2/lm_coarse/lffd20160806060000.nc
(1, 60, 1200, 1350)
/scratch/snx3000/heimc/lmp/wd/16080100_SA_4_2/lm_coarse/lffd20160808120000.nc
(1, 60, 1200, 1350)
/scratch/snx3000/heimc/lmp/wd/16080100_SA_4_2/lm_coarse/lffd20160824230000.nc
(1, 60, 1200, 1350)
/scratch/snx3000/heimc/lmp/wd/16080100_SA_4_2/lm_coarse/lffd20160831010000.nc
(1, 60, 1200, 1350)
/scratch/snx3000/heimc/lmp/wd/16080100_SA_4_2/lm_coarse/lffd20160811190000.nc
(1, 60, 1200, 1350)
/scratch/snx3000/heimc/lmp/wd/16080100_SA_4_2/lm_coarse/lffd20160830050000.nc
(1, 60, 1200, 1350)
/scratch/snx3000/heimc/lmp/wd/16080100_SA_4_2/lm_coarse/lffd20160811160000.nc
(1, 60, 1200, 1350)
/scratch/snx3000/heimc/lmp/wd/16080100_SA_4_2/lm_coarse/lffd20160811120000.nc
(1, 60, 1200, 1350)
/scratch/snx3000/heimc/lmp/wd/16080100_SA_4_2/lm_coarse/lffd20160829170000.nc
(1, 60, 1200, 1350)
/scratch/snx3000/heimc/lmp/wd/16080100_SA_4_2/lm_coarse/lffd20160831090000.nc
(1, 60, 1200, 1350)
/scratch/snx3000/heimc/lmp/wd/16080100_SA_4_2/lm_coarse/lffd20160819140000.nc
(1, 60, 1200, 1350)
/scratch/snx3000/heimc/lmp/wd/16080100_SA_4_2/lm_coarse/lffd20160828210000.nc
(1, 60, 1200, 1350)
/scratch/snx3000/heimc/lmp/wd/16080100_SA_4_2/lm_coarse/lffd20160817170000.nc
(1, 60, 1200, 1350)
/scratch/snx3000/heimc/lmp/wd/16080100_SA_4_2/lm_coarse/lffd20160811000000.nc
(1, 60, 1200, 1350)
/scratch/snx3000/heimc/lmp/wd/16080100_SA_4_2/lm_coarse/lffd20160822050000.nc
(1, 60, 1200, 1350)
/scratch/snx3000/heimc/lmp/wd/16080100_SA_4_2/lm_coarse/lffd20160807180000.nc
(1, 60, 1200, 1350)
/scratch/snx3000/heimc/lmp/wd/16080100_SA_4_2/lm_coarse/lffd20160818220000.nc
(1, 60, 1200, 1350)
/scratch/snx3000/heimc/lmp/wd/16080100_SA_4_2/lm_coarse/lffd20160822070000.nc
(1, 60, 1200, 1350)
/scratch/snx3000/heimc/lmp/wd/16080100_SA_4_2/lm_coarse/lffd20160818150000.nc
(1, 60, 1200, 1350)
/scratch/snx3000/heimc/lmp/wd/16080100_SA_4_2/lm_coarse/lffd20160816150000.nc
(1, 60, 1200, 1350)
/scratch/snx3000/heimc/lmp/wd/16080100_SA_4_2/lm_coarse/lffd20160811070000.nc
(1, 60, 1200, 1350)
/scratch/snx3000/heimc/lmp/wd/16080100_SA_4_2/lm_coarse/lffd20160801210000.nc
(1, 60, 1200, 1350)
/scratch/snx3000/heimc/lmp/wd/16080100_SA_4_2/lm_coarse/lffd20160819180000.nc
(1, 60, 1200, 1350)
/scratch/snx3000/heimc/lmp/wd/16080100_SA_4_2/lm_coarse/lffd20160813220000.nc
(1, 60, 1200, 1350)
/scratch/snx3000/heimc/lmp/wd/16080100_SA_4_2/lm_coarse/lffd20160821160000.nc
(1, 60, 1200, 1350)
/scratch/snx3000/heimc/lmp/wd/16080100_SA_4_2/lm_coarse/lffd20160817100000.nc
(1, 60, 1200, 1350)
/scratch/snx3000/heimc/lmp/wd/16080100_SA_4_2/lm_coarse/lffd20160827140000.nc
(1, 60, 1200, 1350)
/scratch/snx3000/heimc/lmp/wd/16080100_SA_4_2/lm_coarse/lffd20160829130000.nc
(1, 60, 1200, 1350)
/scratch/snx3000/heimc/lmp/wd/16080100_SA_4_2/lm_coarse/lffd20160831050000.nc
(1, 60, 1200, 1350)
/scratch/snx3000/heimc/lmp/wd/16080100_SA_4_2/lm_coarse/lffd20160806030000.nc
(1, 60, 1200, 1350)
/scratch/snx3000/heimc/lmp/wd/16080100_SA_4_2/lm_coarse/lffd20160807190000.nc
(1, 60, 1200, 1350)
/scratch/snx3000/heimc/lmp/wd/16080100_SA_4_2/lm_coarse/lffd20160815160000.nc
(1, 60, 1200, 1350)
/scratch/snx3000/heimc/lmp/wd/16080100_SA_4_2/lm_coarse/lffd20160822140000.nc
(1, 60, 1200, 1350)
/scratch/snx3000/heimc/lmp/wd/16080100_SA_4_2/lm_coarse/lffd20160807160000.nc
(1, 60, 1200, 1350)
/scratch/snx3000/heimc/lmp/wd/16080100_SA_4_2/lm_coarse/lffd20160827090000.nc
(1, 60, 1200, 1350)
/scratch/snx3000/heimc/lmp/wd/16080100_SA_4_2/lm_coarse/lffd20160815180000.nc
(1, 60, 1200, 1350)
/scratch/snx3000/heimc/lmp/wd/16080100_SA_4_2/lm_coarse/lffd20160810190000.nc
(1, 60, 1200, 1350)
/scratch/snx3000/heimc/lmp/wd/16080100_SA_4_2/lm_coarse/lffd20160803020000.nc
(1, 60, 1200, 1350)
/scratch/snx3000/heimc/lmp/wd/16080100_SA_4_2/lm_coarse/lffd20160811060000.nc
(1, 60, 1200, 1350)
/scratch/snx3000/heimc/lmp/wd/16080100_SA_4_2/lm_coarse/lffd20160824010000.nc
(1, 60, 1200, 1350)
/scratch/snx3000/heimc/lmp/wd/16080100_SA_4_2/lm_coarse/lffd20160824020000.nc
(1, 60, 1200, 1350)
/scratch/snx3000/heimc/lmp/wd/16080100_SA_4_2/lm_coarse/lffd20160822230000.nc
(1, 60, 1200, 1350)
/scratch/snx3000/heimc/lmp/wd/16080100_SA_4_2/lm_coarse/lffd20160823020000.nc
(1, 60, 1200, 1350)
/scratch/snx3000/heimc/lmp/wd/16080100_SA_4_2/lm_coarse/lffd20160813080000.nc
(1, 60, 1200, 1350)
/scratch/snx3000/heimc/lmp/wd/16080100_SA_4_2/lm_coarse/lffd20160826100000.nc
(1, 60, 1200, 1350)
/scratch/snx3000/heimc/lmp/wd/16080100_SA_4_2/lm_coarse/lffd20160826120000.nc
(1, 60, 1200, 1350)
/scratch/snx3000/heimc/lmp/wd/16080100_SA_4_2/lm_coarse/lffd20160812180000.nc
(1, 60, 1200, 1350)
/scratch/snx3000/heimc/lmp/wd/16080100_SA_4_2/lm_coarse/lffd20160803200000.nc
(1, 60, 1200, 1350)
/scratch/snx3000/heimc/lmp/wd/16080100_SA_4_2/lm_coarse/lffd20160812080000.nc
(1, 60, 1200, 1350)
/scratch/snx3000/heimc/lmp/wd/16080100_SA_4_2/lm_coarse/lffd20160816050000.nc
(1, 60, 1200, 1350)
/scratch/snx3000/heimc/lmp/wd/16080100_SA_4_2/lm_coarse/lffd20160804230000.nc
(1, 60, 1200, 1350)
/scratch/snx3000/heimc/lmp/wd/16080100_SA_4_2/lm_coarse/lffd20160826010000.nc
(1, 60, 1200, 1350)
/scratch/snx3000/heimc/lmp/wd/16080100_SA_4_2/lm_coarse/lffd20160804020000.nc
(1, 60, 1200, 1350)
/scratch/snx3000/heimc/lmp/wd/16080100_SA_4_2/lm_coarse/lffd20160816190000.nc
(1, 60, 1200, 1350)
/scratch/snx3000/heimc/lmp/wd/16080100_SA_4_2/lm_coarse/lffd20160808160000.nc
(1, 60, 1200, 1350)
/scratch/snx3000/heimc/lmp/wd/16080100_SA_4_2/lm_coarse/lffd20160805230000.nc
(1, 60, 1200, 1350)
/scratch/snx3000/heimc/lmp/wd/16080100_SA_4_2/lm_coarse/lffd20160812130000.nc
(1, 60, 1200, 1350)
/scratch/snx3000/heimc/lmp/wd/16080100_SA_4_2/lm_coarse/lffd20160816200000.nc
(1, 60, 1200, 1350)
/scratch/snx3000/heimc/lmp/wd/16080100_SA_4_2/lm_coarse/lffd20160811180000.nc
(1, 60, 1200, 1350)
/scratch/snx3000/heimc/lmp/wd/16080100_SA_4_2/lm_coarse/lffd20160808110000.nc
(1, 60, 1200, 1350)
/scratch/snx3000/heimc/lmp/wd/16080100_SA_4_2/lm_coarse/lffd20160816080000.nc
(1, 60, 1200, 1350)
/scratch/snx3000/heimc/lmp/wd/16080100_SA_4_2/lm_coarse/lffd20160807100000.nc
(1, 60, 1200, 1350)
/scratch/snx3000/heimc/lmp/wd/16080100_SA_4_2/lm_coarse/lffd20160822120000.nc
(1, 60, 1200, 1350)
/scratch/snx3000/heimc/lmp/wd/16080100_SA_4_2/lm_coarse/lffd20160827230000.nc
(1, 60, 1200, 1350)
/scratch/snx3000/heimc/lmp/wd/16080100_SA_4_2/lm_coarse/lffd20160802160000.nc
(1, 60, 1200, 1350)
/scratch/snx3000/heimc/lmp/wd/16080100_SA_4_2/lm_coarse/lffd20160830030000.nc
(1, 60, 1200, 1350)
/scratch/snx3000/heimc/lmp/wd/16080100_SA_4_2/lm_coarse/lffd20160827070000.nc
(1, 60, 1200, 1350)
/scratch/snx3000/heimc/lmp/wd/16080100_SA_4_2/lm_coarse/lffd20160821000000.nc
(1, 60, 1200, 1350)
/scratch/snx3000/heimc/lmp/wd/16080100_SA_4_2/lm_coarse/lffd20160804120000.nc
(1, 60, 1200, 1350)
/scratch/snx3000/heimc/lmp/wd/16080100_SA_4_2/lm_coarse/lffd20160808230000.nc
(1, 60, 1200, 1350)
/scratch/snx3000/heimc/lmp/wd/16080100_SA_4_2/lm_coarse/lffd20160828020000.nc
(1, 60, 1200, 1350)
/scratch/snx3000/heimc/lmp/wd/16080100_SA_4_2/lm_coarse/lffd20160801010000.nc
(1, 60, 1200, 1350)
/scratch/snx3000/heimc/lmp/wd/16080100_SA_4_2/lm_coarse/lffd20160824190000.nc
(1, 60, 1200, 1350)
/scratch/snx3000/heimc/lmp/wd/16080100_SA_4_2/lm_coarse/lffd20160808060000.nc
(1, 60, 1200, 1350)
/scratch/snx3000/heimc/lmp/wd/16080100_SA_4_2/lm_coarse/lffd20160814140000.nc
(1, 60, 1200, 1350)
/scratch/snx3000/heimc/lmp/wd/16080100_SA_4_2/lm_coarse/lffd20160810030000.nc
(1, 60, 1200, 1350)
/scratch/snx3000/heimc/lmp/wd/16080100_SA_4_2/lm_coarse/lffd20160820190000.nc
(1, 60, 1200, 1350)
/scratch/snx3000/heimc/lmp/wd/16080100_SA_4_2/lm_coarse/lffd20160819150000.nc
(1, 60, 1200, 1350)
/scratch/snx3000/heimc/lmp/wd/16080100_SA_4_2/lm_coarse/lffd20160831220000.nc
(1, 60, 1200, 1350)
/scratch/snx3000/heimc/lmp/wd/16080100_SA_4_2/lm_coarse/lffd20160808000000.nc
(1, 60, 1200, 1350)
/scratch/snx3000/heimc/lmp/wd/16080100_SA_4_2/lm_coarse/lffd20160821020000.nc
(1, 60, 1200, 1350)
/scratch/snx3000/heimc/lmp/wd/16080100_SA_4_2/lm_coarse/lffd20160806070000.nc
(1, 60, 1200, 1350)
/scratch/snx3000/heimc/lmp/wd/16080100_SA_4_2/lm_coarse/lffd20160804080000.nc
(1, 60, 1200, 1350)
/scratch/snx3000/heimc/lmp/wd/16080100_SA_4_2/lm_coarse/lffd20160810210000.nc
(1, 60, 1200, 1350)
/scratch/snx3000/heimc/lmp/wd/16080100_SA_4_2/lm_coarse/lffd20160814200000.nc
(1, 60, 1200, 1350)
/scratch/snx3000/heimc/lmp/wd/16080100_SA_4_2/lm_coarse/lffd20160810000000.nc
(1, 60, 1200, 1350)
/scratch/snx3000/heimc/lmp/wd/16080100_SA_4_2/lm_coarse/lffd20160831140000.nc
(1, 60, 1200, 1350)
/scratch/snx3000/heimc/lmp/wd/16080100_SA_4_2/lm_coarse/lffd20160821150000.nc
(1, 60, 1200, 1350)
/scratch/snx3000/heimc/lmp/wd/16080100_SA_4_2/lm_coarse/lffd20160828120000.nc
(1, 60, 1200, 1350)
/scratch/snx3000/heimc/lmp/wd/16080100_SA_4_2/lm_coarse/lffd20160803230000.nc
(1, 60, 1200, 1350)
/scratch/snx3000/heimc/lmp/wd/16080100_SA_4_2/lm_coarse/lffd20160801040000.nc
(1, 60, 1200, 1350)
/scratch/snx3000/heimc/lmp/wd/16080100_SA_4_2/lm_coarse/lffd20160816020000.nc
(1, 60, 1200, 1350)
/scratch/snx3000/heimc/lmp/wd/16080100_SA_4_2/lm_coarse/lffd20160829100000.nc
(1, 60, 1200, 1350)
/scratch/snx3000/heimc/lmp/wd/16080100_SA_4_2/lm_coarse/lffd20160804000000.nc
(1, 60, 1200, 1350)
/scratch/snx3000/heimc/lmp/wd/16080100_SA_4_2/lm_coarse/lffd20160808070000.nc
(1, 60, 1200, 1350)
/scratch/snx3000/heimc/lmp/wd/16080100_SA_4_2/lm_coarse/lffd20160820130000.nc
(1, 60, 1200, 1350)
/scratch/snx3000/heimc/lmp/wd/16080100_SA_4_2/lm_coarse/lffd20160804150000.nc
(1, 60, 1200, 1350)
/scratch/snx3000/heimc/lmp/wd/16080100_SA_4_2/lm_coarse/lffd20160821230000.nc
(1, 60, 1200, 1350)
/scratch/snx3000/heimc/lmp/wd/16080100_SA_4_2/lm_coarse/lffd20160820150000.nc
(1, 60, 1200, 1350)
/scratch/snx3000/heimc/lmp/wd/16080100_SA_4_2/lm_coarse/lffd20160829220000.nc
(1, 60, 1200, 1350)
/scratch/snx3000/heimc/lmp/wd/16080100_SA_4_2/lm_coarse/lffd20160809020000.nc
(1, 60, 1200, 1350)
/scratch/snx3000/heimc/lmp/wd/16080100_SA_4_2/lm_coarse/lffd20160805110000.nc
(1, 60, 1200, 1350)
/scratch/snx3000/heimc/lmp/wd/16080100_SA_4_2/lm_coarse/lffd20160823220000.nc
(1, 60, 1200, 1350)
/scratch/snx3000/heimc/lmp/wd/16080100_SA_4_2/lm_coarse/lffd20160807150000.nc
(1, 60, 1200, 1350)
/scratch/snx3000/heimc/lmp/wd/16080100_SA_4_2/lm_coarse/lffd20160804200000.nc
(1, 60, 1200, 1350)
/scratch/snx3000/heimc/lmp/wd/16080100_SA_4_2/lm_coarse/lffd20160827020000.nc
(1, 60, 1200, 1350)
/scratch/snx3000/heimc/lmp/wd/16080100_SA_4_2/lm_coarse/lffd20160819130000.nc
(1, 60, 1200, 1350)
/scratch/snx3000/heimc/lmp/wd/16080100_SA_4_2/lm_coarse/lffd20160804110000.nc
(1, 60, 1200, 1350)
/scratch/snx3000/heimc/lmp/wd/16080100_SA_4_2/lm_coarse/lffd20160824000000.nc
(1, 60, 1200, 1350)
/scratch/snx3000/heimc/lmp/wd/16080100_SA_4_2/lm_coarse/lffd20160816010000.nc
(1, 60, 1200, 1350)
/scratch/snx3000/heimc/lmp/wd/16080100_SA_4_2/lm_coarse/lffd20160830120000.nc
(1, 60, 1200, 1350)
/scratch/snx3000/heimc/lmp/wd/16080100_SA_4_2/lm_coarse/lffd20160814150000.nc
(1, 60, 1200, 1350)
/scratch/snx3000/heimc/lmp/wd/16080100_SA_4_2/lm_coarse/lffd20160811080000.nc
(1, 60, 1200, 1350)
/scratch/snx3000/heimc/lmp/wd/16080100_SA_4_2/lm_coarse/lffd20160816230000.nc
(1, 60, 1200, 1350)
/scratch/snx3000/heimc/lmp/wd/16080100_SA_4_2/lm_coarse/lffd20160801030000.nc
(1, 60, 1200, 1350)
/scratch/snx3000/heimc/lmp/wd/16080100_SA_4_2/lm_coarse/lffd20160815110000.nc
(1, 60, 1200, 1350)
/scratch/snx3000/heimc/lmp/wd/16080100_SA_4_2/lm_coarse/lffd20160826060000.nc
(1, 60, 1200, 1350)
/scratch/snx3000/heimc/lmp/wd/16080100_SA_4_2/lm_coarse/lffd20160822220000.nc
(1, 60, 1200, 1350)
/scratch/snx3000/heimc/lmp/wd/16080100_SA_4_2/lm_coarse/lffd20160809130000.nc
(1, 60, 1200, 1350)
/scratch/snx3000/heimc/lmp/wd/16080100_SA_4_2/lm_coarse/lffd20160803130000.nc
(1, 60, 1200, 1350)
/scratch/snx3000/heimc/lmp/wd/16080100_SA_4_2/lm_coarse/lffd20160831130000.nc
(1, 60, 1200, 1350)
/scratch/snx3000/heimc/lmp/wd/16080100_SA_4_2/lm_coarse/lffd20160819210000.nc
(1, 60, 1200, 1350)
/scratch/snx3000/heimc/lmp/wd/16080100_SA_4_2/lm_coarse/lffd20160809100000.nc
(1, 60, 1200, 1350)
/scratch/snx3000/heimc/lmp/wd/16080100_SA_4_2/lm_coarse/lffd20160818160000.nc
(1, 60, 1200, 1350)
/scratch/snx3000/heimc/lmp/wd/16080100_SA_4_2/lm_coarse/lffd20160810140000.nc
(1, 60, 1200, 1350)
/scratch/snx3000/heimc/lmp/wd/16080100_SA_4_2/lm_coarse/lffd20160802040000.nc
(1, 60, 1200, 1350)
/scratch/snx3000/heimc/lmp/wd/16080100_SA_4_2/lm_coarse/lffd20160831020000.nc
(1, 60, 1200, 1350)
/scratch/snx3000/heimc/lmp/wd/16080100_SA_4_2/lm_coarse/lffd20160825140000.nc
(1, 60, 1200, 1350)
/scratch/snx3000/heimc/lmp/wd/16080100_SA_4_2/lm_coarse/lffd20160825170000.nc
(1, 60, 1200, 1350)
/scratch/snx3000/heimc/lmp/wd/16080100_SA_4_2/lm_coarse/lffd20160801150000.nc
(1, 60, 1200, 1350)
/scratch/snx3000/heimc/lmp/wd/16080100_SA_4_2/lm_coarse/lffd20160830000000.nc
(1, 60, 1200, 1350)
/scratch/snx3000/heimc/lmp/wd/16080100_SA_4_2/lm_coarse/lffd20160822040000.nc
(1, 60, 1200, 1350)
/scratch/snx3000/heimc/lmp/wd/16080100_SA_4_2/lm_coarse/lffd20160809070000.nc
(1, 60, 1200, 1350)
/scratch/snx3000/heimc/lmp/wd/16080100_SA_4_2/lm_coarse/lffd20160831170000.nc
(1, 60, 1200, 1350)
/scratch/snx3000/heimc/lmp/wd/16080100_SA_4_2/lm_coarse/lffd20160821220000.nc
(1, 60, 1200, 1350)
/scratch/snx3000/heimc/lmp/wd/16080100_SA_4_2/lm_coarse/lffd20160824120000.nc
(1, 60, 1200, 1350)
/scratch/snx3000/heimc/lmp/wd/16080100_SA_4_2/lm_coarse/lffd20160824050000.nc
(1, 60, 1200, 1350)
/scratch/snx3000/heimc/lmp/wd/16080100_SA_4_2/lm_coarse/lffd20160826180000.nc
(1, 60, 1200, 1350)
/scratch/snx3000/heimc/lmp/wd/16080100_SA_4_2/lm_coarse/lffd20160803180000.nc
(1, 60, 1200, 1350)
/scratch/snx3000/heimc/lmp/wd/16080100_SA_4_2/lm_coarse/lffd20160805170000.nc
(1, 60, 1200, 1350)
/scratch/snx3000/heimc/lmp/wd/16080100_SA_4_2/lm_coarse/lffd20160809150000.nc
(1, 60, 1200, 1350)
/scratch/snx3000/heimc/lmp/wd/16080100_SA_4_2/lm_coarse/lffd20160830080000.nc
(1, 60, 1200, 1350)
/scratch/snx3000/heimc/lmp/wd/16080100_SA_4_2/lm_coarse/lffd20160816040000.nc
(1, 60, 1200, 1350)
/scratch/snx3000/heimc/lmp/wd/16080100_SA_4_2/lm_coarse/lffd20160813140000.nc
(1, 60, 1200, 1350)
/scratch/snx3000/heimc/lmp/wd/16080100_SA_4_2/lm_coarse/lffd20160801200000.nc
(1, 60, 1200, 1350)
/scratch/snx3000/heimc/lmp/wd/16080100_SA_4_2/lm_coarse/lffd20160821190000.nc
(1, 60, 1200, 1350)
/scratch/snx3000/heimc/lmp/wd/16080100_SA_4_2/lm_coarse/lffd20160815080000.nc
(1, 60, 1200, 1350)
/scratch/snx3000/heimc/lmp/wd/16080100_SA_4_2/lm_coarse/lffd20160801130000.nc
(1, 60, 1200, 1350)
/scratch/snx3000/heimc/lmp/wd/16080100_SA_4_2/lm_coarse/lffd20160820210000.nc
(1, 60, 1200, 1350)
/scratch/snx3000/heimc/lmp/wd/16080100_SA_4_2/lm_coarse/lffd20160815220000.nc
(1, 60, 1200, 1350)
/scratch/snx3000/heimc/lmp/wd/16080100_SA_4_2/lm_coarse/lffd20160813200000.nc
(1, 60, 1200, 1350)
/scratch/snx3000/heimc/lmp/wd/16080100_SA_4_2/lm_coarse/lffd20160817130000.nc
(1, 60, 1200, 1350)
/scratch/snx3000/heimc/lmp/wd/16080100_SA_4_2/lm_coarse/lffd20160821210000.nc
(1, 60, 1200, 1350)
/scratch/snx3000/heimc/lmp/wd/16080100_SA_4_2/lm_coarse/lffd20160823120000.nc
(1, 60, 1200, 1350)
/scratch/snx3000/heimc/lmp/wd/16080100_SA_4_2/lm_coarse/lffd20160814010000.nc
(1, 60, 1200, 1350)
/scratch/snx3000/heimc/lmp/wd/16080100_SA_4_2/lm_coarse/lffd20160820070000.nc
(1, 60, 1200, 1350)
/scratch/snx3000/heimc/lmp/wd/16080100_SA_4_2/lm_coarse/lffd20160809190000.nc
(1, 60, 1200, 1350)
/scratch/snx3000/heimc/lmp/wd/16080100_SA_4_2/lm_coarse/lffd20160801090000.nc
(1, 60, 1200, 1350)
/scratch/snx3000/heimc/lmp/wd/16080100_SA_4_2/lm_coarse/lffd20160801160000.nc
(1, 60, 1200, 1350)
/scratch/snx3000/heimc/lmp/wd/16080100_SA_4_2/lm_coarse/lffd20160825230000.nc
(1, 60, 1200, 1350)
/scratch/snx3000/heimc/lmp/wd/16080100_SA_4_2/lm_coarse/lffd20160822200000.nc
(1, 60, 1200, 1350)
/scratch/snx3000/heimc/lmp/wd/16080100_SA_4_2/lm_coarse/lffd20160805140000.nc
(1, 60, 1200, 1350)
/scratch/snx3000/heimc/lmp/wd/16080100_SA_4_2/lm_coarse/lffd20160810090000.nc
(1, 60, 1200, 1350)
/scratch/snx3000/heimc/lmp/wd/16080100_SA_4_2/lm_coarse/lffd20160802180000.nc
(1, 60, 1200, 1350)
/scratch/snx3000/heimc/lmp/wd/16080100_SA_4_2/lm_coarse/lffd20160822100000.nc
(1, 60, 1200, 1350)
/scratch/snx3000/heimc/lmp/wd/16080100_SA_4_2/lm_coarse/lffd20160813160000.nc
(1, 60, 1200, 1350)
/scratch/snx3000/heimc/lmp/wd/16080100_SA_4_2/lm_coarse/lffd20160806000000.nc
(1, 60, 1200, 1350)
/scratch/snx3000/heimc/lmp/wd/16080100_SA_4_2/lm_coarse/lffd20160808080000.nc
(1, 60, 1200, 1350)
/scratch/snx3000/heimc/lmp/wd/16080100_SA_4_2/lm_coarse/lffd20160804160000.nc
(1, 60, 1200, 1350)
/scratch/snx3000/heimc/lmp/wd/16080100_SA_4_2/lm_coarse/lffd20160810040000.nc
(1, 60, 1200, 1350)
/scratch/snx3000/heimc/lmp/wd/16080100_SA_4_2/lm_coarse/lffd20160828170000.nc
(1, 60, 1200, 1350)
/scratch/snx3000/heimc/lmp/wd/16080100_SA_4_2/lm_coarse/lffd20160823140000.nc
(1, 60, 1200, 1350)
/scratch/snx3000/heimc/lmp/wd/16080100_SA_4_2/lm_coarse/lffd20160803080000.nc
(1, 60, 1200, 1350)
/scratch/snx3000/heimc/lmp/wd/16080100_SA_4_2/lm_coarse/lffd20160819080000.nc
(1, 60, 1200, 1350)
/scratch/snx3000/heimc/lmp/wd/16080100_SA_4_2/lm_coarse/lffd20160801230000.nc
(1, 60, 1200, 1350)
/scratch/snx3000/heimc/lmp/wd/16080100_SA_4_2/lm_coarse/lffd20160813100000.nc
(1, 60, 1200, 1350)
/scratch/snx3000/heimc/lmp/wd/16080100_SA_4_2/lm_coarse/lffd20160825080000.nc
(1, 60, 1200, 1350)
/scratch/snx3000/heimc/lmp/wd/16080100_SA_4_2/lm_coarse/lffd20160816090000.nc
(1, 60, 1200, 1350)
/scratch/snx3000/heimc/lmp/wd/16080100_SA_4_2/lm_coarse/lffd20160807220000.nc
(1, 60, 1200, 1350)
/scratch/snx3000/heimc/lmp/wd/16080100_SA_4_2/lm_coarse/lffd20160829230000.nc
(1, 60, 1200, 1350)
/scratch/snx3000/heimc/lmp/wd/16080100_SA_4_2/lm_coarse/lffd20160815210000.nc
(1, 60, 1200, 1350)
/scratch/snx3000/heimc/lmp/wd/16080100_SA_4_2/lm_coarse/lffd20160831160000.nc
(1, 60, 1200, 1350)
/scratch/snx3000/heimc/lmp/wd/16080100_SA_4_2/lm_coarse/lffd20160808020000.nc
(1, 60, 1200, 1350)
/scratch/snx3000/heimc/lmp/wd/16080100_SA_4_2/lm_coarse/lffd20160806090000.nc
(1, 60, 1200, 1350)
/scratch/snx3000/heimc/lmp/wd/16080100_SA_4_2/lm_coarse/lffd20160809170000.nc
(1, 60, 1200, 1350)
/scratch/snx3000/heimc/lmp/wd/16080100_SA_4_2/lm_coarse/lffd20160812030000.nc
(1, 60, 1200, 1350)
/scratch/snx3000/heimc/lmp/wd/16080100_SA_4_2/lm_coarse/lffd20160808170000.nc
(1, 60, 1200, 1350)
/scratch/snx3000/heimc/lmp/wd/16080100_SA_4_2/lm_coarse/lffd20160820230000.nc
(1, 60, 1200, 1350)
/scratch/snx3000/heimc/lmp/wd/16080100_SA_4_2/lm_coarse/lffd20160820140000.nc
(1, 60, 1200, 1350)
/scratch/snx3000/heimc/lmp/wd/16080100_SA_4_2/lm_coarse/lffd20160828150000.nc
(1, 60, 1200, 1350)
/scratch/snx3000/heimc/lmp/wd/16080100_SA_4_2/lm_coarse/lffd20160814190000.nc
(1, 60, 1200, 1350)
/scratch/snx3000/heimc/lmp/wd/16080100_SA_4_2/lm_coarse/lffd20160821090000.nc
(1, 60, 1200, 1350)
/scratch/snx3000/heimc/lmp/wd/16080100_SA_4_2/lm_coarse/lffd20160804050000.nc
(1, 60, 1200, 1350)
/scratch/snx3000/heimc/lmp/wd/16080100_SA_4_2/lm_coarse/lffd20160901000000.nc
(1, 60, 1200, 1350)
/scratch/snx3000/heimc/lmp/wd/16080100_SA_4_2/lm_coarse/lffd20160831190000.nc
(1, 60, 1200, 1350)
/scratch/snx3000/heimc/lmp/wd/16080100_SA_4_2/lm_coarse/lffd20160806170000.nc
(1, 60, 1200, 1350)
/scratch/snx3000/heimc/lmp/wd/16080100_SA_4_2/lm_coarse/lffd20160831070000.nc
(1, 60, 1200, 1350)
/scratch/snx3000/heimc/lmp/wd/16080100_SA_4_2/lm_coarse/lffd20160807200000.nc
(1, 60, 1200, 1350)
/scratch/snx3000/heimc/lmp/wd/16080100_SA_4_2/lm_coarse/lffd20160824040000.nc
(1, 60, 1200, 1350)
/scratch/snx3000/heimc/lmp/wd/16080100_SA_4_2/lm_coarse/lffd20160831110000.nc
(1, 60, 1200, 1350)
/scratch/snx3000/heimc/lmp/wd/16080100_SA_4_2/lm_coarse/lffd20160825100000.nc
(1, 60, 1200, 1350)
/scratch/snx3000/heimc/lmp/wd/16080100_SA_4_2/lm_coarse/lffd20160825030000.nc
(1, 60, 1200, 1350)
/scratch/snx3000/heimc/lmp/wd/16080100_SA_4_2/lm_coarse/lffd20160825000000.nc
(1, 60, 1200, 1350)
/scratch/snx3000/heimc/lmp/wd/16080100_SA_4_2/lm_coarse/lffd20160823180000.nc
(1, 60, 1200, 1350)
/scratch/snx3000/heimc/lmp/wd/16080100_SA_4_2/lm_coarse/lffd20160814070000.nc
(1, 60, 1200, 1350)
/scratch/snx3000/heimc/lmp/wd/16080100_SA_4_2/lm_coarse/lffd20160801220000.nc
(1, 60, 1200, 1350)
/scratch/snx3000/heimc/lmp/wd/16080100_SA_4_2/lm_coarse/lffd20160819160000.nc
(1, 60, 1200, 1350)
/scratch/snx3000/heimc/lmp/wd/16080100_SA_4_2/lm_coarse/lffd20160831060000.nc
(1, 60, 1200, 1350)
/scratch/snx3000/heimc/lmp/wd/16080100_SA_4_2/lm_coarse/lffd20160818040000.nc
(1, 60, 1200, 1350)
/scratch/snx3000/heimc/lmp/wd/16080100_SA_4_2/lm_coarse/lffd20160816160000.nc
(1, 60, 1200, 1350)
/scratch/snx3000/heimc/lmp/wd/16080100_SA_4_2/lm_coarse/lffd20160810130000.nc
(1, 60, 1200, 1350)
/scratch/snx3000/heimc/lmp/wd/16080100_SA_4_2/lm_coarse/lffd20160806130000.nc
(1, 60, 1200, 1350)
/scratch/snx3000/heimc/lmp/wd/16080100_SA_4_2/lm_coarse/lffd20160803100000.nc
(1, 60, 1200, 1350)
/scratch/snx3000/heimc/lmp/wd/16080100_SA_4_2/lm_coarse/lffd20160811210000.nc
(1, 60, 1200, 1350)
/scratch/snx3000/heimc/lmp/wd/16080100_SA_4_2/lm_coarse/lffd20160802010000.nc
(1, 60, 1200, 1350)
/scratch/snx3000/heimc/lmp/wd/16080100_SA_4_2/lm_coarse/lffd20160825190000.nc
(1, 60, 1200, 1350)
/scratch/snx3000/heimc/lmp/wd/16080100_SA_4_2/lm_coarse/lffd20160805050000.nc
(1, 60, 1200, 1350)
/scratch/snx3000/heimc/lmp/wd/16080100_SA_4_2/lm_coarse/lffd20160823150000.nc
(1, 60, 1200, 1350)
/scratch/snx3000/heimc/lmp/wd/16080100_SA_4_2/lm_coarse/lffd20160829160000.nc
(1, 60, 1200, 1350)
/scratch/snx3000/heimc/lmp/wd/16080100_SA_4_2/lm_coarse/lffd20160830220000.nc
(1, 60, 1200, 1350)
/scratch/snx3000/heimc/lmp/wd/16080100_SA_4_2/lm_coarse/lffd20160828000000.nc
(1, 60, 1200, 1350)
/scratch/snx3000/heimc/lmp/wd/16080100_SA_4_2/lm_coarse/lffd20160822090000.nc
(1, 60, 1200, 1350)
/scratch/snx3000/heimc/lmp/wd/16080100_SA_4_2/lm_coarse/lffd20160818030000.nc
(1, 60, 1200, 1350)
/scratch/snx3000/heimc/lmp/wd/16080100_SA_4_2/lm_coarse/lffd20160815150000.nc
(1, 60, 1200, 1350)
/scratch/snx3000/heimc/lmp/wd/16080100_SA_4_2/lm_coarse/lffd20160805090000.nc
(1, 60, 1200, 1350)
/scratch/snx3000/heimc/lmp/wd/16080100_SA_4_2/lm_coarse/lffd20160801000000c.nc
replace QI finished on Thu Aug 20 11:43:00 CEST 2020

